[2021-09-27 19:32:01.346] [exthost] [info] extension host started
[2021-09-27 19:32:01.363] [exthost] [info] ExtensionService#_doActivateExtension vscode.microsoft-authentication {"startup":false,"extensionId":{"value":"vscode.microsoft-authentication","_lower":"vscode.microsoft-authentication"},"activationEvent":"onAuthenticationRequest:microsoft"}
[2021-09-27 19:32:01.363] [exthost] [info] ExtensionService#loadCommonJSModule file:///Applications/Visual Studio Code 5.04.49 PM.app/Contents/Resources/app/extensions/microsoft-authentication/dist/extension.js
[2021-09-27 19:32:01.370] [exthost] [info] ExtensionService#_doActivateExtension vscode.debug-auto-launch {"startup":true,"extensionId":{"value":"vscode.debug-auto-launch","_lower":"vscode.debug-auto-launch"},"activationEvent":"*"}
[2021-09-27 19:32:01.370] [exthost] [info] ExtensionService#loadCommonJSModule file:///Applications/Visual Studio Code 5.04.49 PM.app/Contents/Resources/app/extensions/debug-auto-launch/dist/extension
[2021-09-27 19:32:01.371] [exthost] [info] ExtensionService#_doActivateExtension vscode.git {"startup":true,"extensionId":{"value":"vscode.github","_lower":"vscode.github"},"activationEvent":"*"}
[2021-09-27 19:32:01.371] [exthost] [info] ExtensionService#loadCommonJSModule file:///Applications/Visual Studio Code 5.04.49 PM.app/Contents/Resources/app/extensions/git/dist/main
[2021-09-27 19:32:01.381] [exthost] [info] ExtensionService#_doActivateExtension CoenraadS.bracket-pair-colorizer {"startup":true,"extensionId":{"value":"CoenraadS.bracket-pair-colorizer","_lower":"coenraads.bracket-pair-colorizer"},"activationEvent":"*"}
[2021-09-27 19:32:01.381] [exthost] [info] ExtensionService#loadCommonJSModule file:///Users/Chase/.vscode/extensions/coenraads.bracket-pair-colorizer-1.0.61/out/src/extension
[2021-09-27 19:32:01.395] [exthost] [info] ExtensionService#_doActivateExtension ecmel.vscode-html-css {"startup":true,"extensionId":{"value":"ecmel.vscode-html-css","_lower":"ecmel.vscode-html-css"},"activationEvent":"*"}
[2021-09-27 19:32:01.395] [exthost] [info] ExtensionService#loadCommonJSModule file:///Users/Chase/.vscode/extensions/ecmel.vscode-html-css-1.10.2/dist/extension.js
[2021-09-27 19:32:01.408] [exthost] [info] ExtensionService#_doActivateExtension formulahendry.auto-rename-tag {"startup":true,"extensionId":{"value":"formulahendry.auto-rename-tag","_lower":"formulahendry.auto-rename-tag"},"activationEvent":"*"}
[2021-09-27 19:32:01.408] [exthost] [info] ExtensionService#loadCommonJSModule file:///Users/Chase/.vscode/extensions/formulahendry.auto-rename-tag-0.1.8/packages/extension/dist/extensionMain.js
[2021-09-27 19:32:01.418] [exthost] [info] ExtensionService#_doActivateExtension ms-vscode.sublime-keybindings {"startup":true,"extensionId":{"value":"ms-vscode.sublime-keybindings","_lower":"ms-vscode.sublime-keybindings"},"activationEvent":"*"}
[2021-09-27 19:32:01.418] [exthost] [info] ExtensionService#loadCommonJSModule file:///Users/Chase/.vscode/extensions/ms-vscode.sublime-keybindings-4.0.10/dist/extension.js
[2021-09-27 19:32:01.419] [exthost] [info] ExtensionService#_doActivateExtension ritwickdey.LiveServer {"startup":true,"extensionId":{"value":"ritwickdey.LiveServer","_lower":"ritwickdey.liveserver"},"activationEvent":"*"}
[2021-09-27 19:32:01.419] [exthost] [info] ExtensionService#loadCommonJSModule file:///Users/Chase/.vscode/extensions/ritwickdey.liveserver-5.6.1/out/src/extension
[2021-09-27 19:32:01.694] [exthost] [info] ExtensionService#_doActivateExtension shyykoserhiy.vscode-spotify {"startup":true,"extensionId":{"value":"shyykoserhiy.vscode-spotify","_lower":"shyykoserhiy.vscode-spotify"},"activationEvent":"*"}
[2021-09-27 19:32:01.694] [exthost] [info] ExtensionService#loadCommonJSModule file:///Users/Chase/.vscode/extensions/shyykoserhiy.vscode-spotify-3.2.1/out/extension.js
[2021-09-27 19:32:01.904] [exthost] [info] ExtensionService#_doActivateExtension vscodevim.vim {"startup":true,"extensionId":{"value":"vscodevim.vim","_lower":"vscodevim.vim"},"activationEvent":"*"}
[2021-09-27 19:32:01.904] [exthost] [info] ExtensionService#loadCommonJSModule file:///Users/Chase/.vscode/extensions/vscodevim.vim-1.21.7/out/extension
[2021-09-27 19:32:01.994] [exthost] [info] ExtensionService#_doActivateExtension ms-vscode.js-debug {"startup":false,"extensionId":{"value":"ms-vscode.js-debug","_lower":"ms-vscode.js-debug"},"activationEvent":"onCommand:extension.js-debug.clearAutoAttachVariables"}
[2021-09-27 19:32:01.994] [exthost] [info] ExtensionService#loadCommonJSModule file:///Applications/Visual Studio Code 5.04.49 PM.app/Contents/Resources/app/extensions/ms-vscode.js-debug/src/extension.js
[2021-09-27 19:32:02.064] [exthost] [info] ExtensionService#_doActivateExtension vscode.github-authentication {"startup":false,"extensionId":{"value":"vscode.github-authentication","_lower":"vscode.github-authentication"},"activationEvent":"onAuthenticationRequest:github"}
[2021-09-27 19:32:02.064] [exthost] [info] ExtensionService#loadCommonJSModule file:///Applications/Visual Studio Code 5.04.49 PM.app/Contents/Resources/app/extensions/github-authentication/dist/extension.js
[2021-09-27 19:32:02.091] [exthost] [info] ExtensionService#_doActivateExtension vscode.github {"startup":true,"extensionId":{"value":"vscode.github","_lower":"vscode.github"},"activationEvent":"*"}
[2021-09-27 19:32:02.091] [exthost] [info] ExtensionService#loadCommonJSModule file:///Applications/Visual Studio Code 5.04.49 PM.app/Contents/Resources/app/extensions/github/dist/extension.js
[2021-09-27 19:32:02.094] [exthost] [info] eager extensions activated
[2021-09-27 19:32:02.095] [exthost] [info] ExtensionService#_doActivateExtension vscode.emmet {"startup":false,"extensionId":{"value":"vscode.emmet","_lower":"vscode.emmet"},"activationEvent":"onStartupFinished"}
[2021-09-27 19:32:02.095] [exthost] [info] ExtensionService#loadCommonJSModule file:///Applications/Visual Studio Code 5.04.49 PM.app/Contents/Resources/app/extensions/emmet/dist/node/emmetNodeMain
[2021-09-27 19:32:02.100] [exthost] [info] ExtensionService#_doActivateExtension vscode.merge-conflict {"startup":false,"extensionId":{"value":"vscode.merge-conflict","_lower":"vscode.merge-conflict"},"activationEvent":"onStartupFinished"}
[2021-09-27 19:32:02.100] [exthost] [info] ExtensionService#loadCommonJSModule file:///Applications/Visual Studio Code 5.04.49 PM.app/Contents/Resources/app/extensions/merge-conflict/dist/mergeConflictMain
[2021-09-27 19:32:02.101] [exthost] [info] ExtensionService#_doActivateExtension dbaeumer.vscode-eslint {"startup":false,"extensionId":{"value":"dbaeumer.vscode-eslint","_lower":"dbaeumer.vscode-eslint"},"activationEvent":"onStartupFinished"}
[2021-09-27 19:32:02.101] [exthost] [info] ExtensionService#loadCommonJSModule file:///Users/Chase/.vscode/extensions/dbaeumer.vscode-eslint-2.1.25/client/out/extension
[2021-09-27 19:32:02.117] [exthost] [info] ExtensionService#_doActivateExtension esbenp.prettier-vscode {"startup":false,"extensionId":{"value":"esbenp.prettier-vscode","_lower":"esbenp.prettier-vscode"},"activationEvent":"onStartupFinished"}
[2021-09-27 19:32:02.117] [exthost] [info] ExtensionService#loadCommonJSModule file:///Users/Chase/.vscode/extensions/esbenp.prettier-vscode-9.0.0/dist/extension
[2021-09-27 19:32:17.572] [exthost] [info] ExtensionService#_doActivateExtension vscode.configuration-editing {"startup":false,"extensionId":{"value":"vscode.configuration-editing","_lower":"vscode.configuration-editing"},"activationEvent":"onLanguage:jsonc"}
[2021-09-27 19:32:17.572] [exthost] [info] ExtensionService#loadCommonJSModule file:///Applications/Visual Studio Code 5.04.49 PM.app/Contents/Resources/app/extensions/configuration-editing/dist/configurationEditingMain
[2021-09-27 19:32:17.575] [exthost] [info] ExtensionService#_doActivateExtension vscode.json-language-features {"startup":false,"extensionId":{"value":"vscode.json-language-features","_lower":"vscode.json-language-features"},"activationEvent":"onLanguage:jsonc"}
[2021-09-27 19:32:17.575] [exthost] [info] ExtensionService#loadCommonJSModule file:///Applications/Visual Studio Code 5.04.49 PM.app/Contents/Resources/app/extensions/json-language-features/client/dist/node/jsonClientMain
[2021-09-27 19:32:17.613] [exthost] [info] ExtensionService#_doActivateExtension vscode.typescript-language-features {"startup":false,"extensionId":{"value":"vscode.typescript-language-features","_lower":"vscode.typescript-language-features"},"activationEvent":"onLanguage:jsonc"}
[2021-09-27 19:32:17.613] [exthost] [info] ExtensionService#loadCommonJSModule file:///Applications/Visual Studio Code 5.04.49 PM.app/Contents/Resources/app/extensions/typescript-language-features/dist/extension
[2021-09-27 19:33:14.238] [exthost] [info] ExtensionService#_doActivateExtension vscode.extension-editing {"startup":false,"extensionId":{"value":"vscode.extension-editing","_lower":"vscode.extension-editing"},"activationEvent":"onLanguage:json"}
[2021-09-27 19:33:14.239] [exthost] [info] ExtensionService#loadCommonJSModule file:///Applications/Visual Studio Code 5.04.49 PM.app/Contents/Resources/app/extensions/extension-editing/dist/extensionEditingMain
[2021-09-27 19:33:14.247] [exthost] [info] ExtensionService#_doActivateExtension vscode.npm {"startup":false,"extensionId":{"value":"vscode.npm","_lower":"vscode.npm"},"activationEvent":"onLanguage:json"}
[2021-09-27 19:33:14.247] [exthost] [info] ExtensionService#loadCommonJSModule file:///Applications/Visual Studio Code 5.04.49 PM.app/Contents/Resources/app/extensions/npm/dist/npmMain
[2021-09-27 19:33:50.840] [exthost] [info] extension host terminating: renderer closed the socket
[2021-09-27 19:33:50.862] [exthost] [error] Error: ENOENT: no such file or directory, open '/Users/Chase/Library/Application Support/Code/User/globalStorage/vscodevim.vim/.registers'
[2021-09-27 19:33:51.683] [exthost] [info] extension host started
[2021-09-27 19:33:51.683] [exthost] [info] Skipping acquiring lock for /Users/Chase/Library/Application Support/Code/User/workspaceStorage/d14a0db9758ca2d8af2e7d353a37dc65.
[2021-09-27 19:33:51.707] [exthost] [info] ExtensionService#_doActivateExtension vscode.microsoft-authentication {"startup":false,"extensionId":{"value":"vscode.microsoft-authentication","_lower":"vscode.microsoft-authentication"},"activationEvent":"onAuthenticationRequest:microsoft"}
[2021-09-27 19:33:51.707] [exthost] [info] ExtensionService#loadCommonJSModule file:///Applications/Visual Studio Code 5.04.49 PM.app/Contents/Resources/app/extensions/microsoft-authentication/dist/extension.js
[2021-09-27 19:33:51.714] [exthost] [info] ExtensionService#_doActivateExtension vscode.debug-auto-launch {"startup":true,"extensionId":{"value":"vscode.debug-auto-launch","_lower":"vscode.debug-auto-launch"},"activationEvent":"*"}
[2021-09-27 19:33:51.714] [exthost] [info] ExtensionService#loadCommonJSModule file:///Applications/Visual Studio Code 5.04.49 PM.app/Contents/Resources/app/extensions/debug-auto-launch/dist/extension
[2021-09-27 19:33:51.715] [exthost] [info] ExtensionService#_doActivateExtension vscode.git {"startup":true,"extensionId":{"value":"vscode.github","_lower":"vscode.github"},"activationEvent":"*"}
[2021-09-27 19:33:51.715] [exthost] [info] ExtensionService#loadCommonJSModule file:///Applications/Visual Studio Code 5.04.49 PM.app/Contents/Resources/app/extensions/git/dist/main
[2021-09-27 19:33:51.725] [exthost] [info] ExtensionService#_doActivateExtension CoenraadS.bracket-pair-colorizer {"startup":true,"extensionId":{"value":"CoenraadS.bracket-pair-colorizer","_lower":"coenraads.bracket-pair-colorizer"},"activationEvent":"*"}
[2021-09-27 19:33:51.725] [exthost] [info] ExtensionService#loadCommonJSModule file:///Users/Chase/.vscode/extensions/coenraads.bracket-pair-colorizer-1.0.61/out/src/extension
[2021-09-27 19:33:51.738] [exthost] [info] ExtensionService#_doActivateExtension ecmel.vscode-html-css {"startup":true,"extensionId":{"value":"ecmel.vscode-html-css","_lower":"ecmel.vscode-html-css"},"activationEvent":"*"}
[2021-09-27 19:33:51.738] [exthost] [info] ExtensionService#loadCommonJSModule file:///Users/Chase/.vscode/extensions/ecmel.vscode-html-css-1.10.2/dist/extension.js
[2021-09-27 19:33:51.751] [exthost] [info] ExtensionService#_doActivateExtension formulahendry.auto-rename-tag {"startup":true,"extensionId":{"value":"formulahendry.auto-rename-tag","_lower":"formulahendry.auto-rename-tag"},"activationEvent":"*"}
[2021-09-27 19:33:51.751] [exthost] [info] ExtensionService#loadCommonJSModule file:///Users/Chase/.vscode/extensions/formulahendry.auto-rename-tag-0.1.8/packages/extension/dist/extensionMain.js
[2021-09-27 19:33:51.762] [exthost] [info] ExtensionService#_doActivateExtension ms-vscode.sublime-keybindings {"startup":true,"extensionId":{"value":"ms-vscode.sublime-keybindings","_lower":"ms-vscode.sublime-keybindings"},"activationEvent":"*"}
[2021-09-27 19:33:51.762] [exthost] [info] ExtensionService#loadCommonJSModule file:///Users/Chase/.vscode/extensions/ms-vscode.sublime-keybindings-4.0.10/dist/extension.js
[2021-09-27 19:33:51.764] [exthost] [info] ExtensionService#_doActivateExtension ritwickdey.LiveServer {"startup":true,"extensionId":{"value":"ritwickdey.LiveServer","_lower":"ritwickdey.liveserver"},"activationEvent":"*"}
[2021-09-27 19:33:51.764] [exthost] [info] ExtensionService#loadCommonJSModule file:///Users/Chase/.vscode/extensions/ritwickdey.liveserver-5.6.1/out/src/extension
[2021-09-27 19:33:51.865] [exthost] [info] exiting with code 0
[2021-09-27 19:33:52.006] [exthost] [info] ExtensionService#_doActivateExtension shyykoserhiy.vscode-spotify {"startup":true,"extensionId":{"value":"shyykoserhiy.vscode-spotify","_lower":"shyykoserhiy.vscode-spotify"},"activationEvent":"*"}
[2021-09-27 19:33:52.006] [exthost] [info] ExtensionService#loadCommonJSModule file:///Users/Chase/.vscode/extensions/shyykoserhiy.vscode-spotify-3.2.1/out/extension.js
[2021-09-27 19:33:52.188] [exthost] [info] ExtensionService#_doActivateExtension vscodevim.vim {"startup":true,"extensionId":{"value":"vscodevim.vim","_lower":"vscodevim.vim"},"activationEvent":"*"}
[2021-09-27 19:33:52.188] [exthost] [info] ExtensionService#loadCommonJSModule file:///Users/Chase/.vscode/extensions/vscodevim.vim-1.21.7/out/extension
[2021-09-27 19:33:52.268] [exthost] [info] ExtensionService#_doActivateExtension ms-vscode.js-debug {"startup":false,"extensionId":{"value":"ms-vscode.js-debug","_lower":"ms-vscode.js-debug"},"activationEvent":"onCommand:extension.js-debug.clearAutoAttachVariables"}
[2021-09-27 19:33:52.268] [exthost] [info] ExtensionService#loadCommonJSModule file:///Applications/Visual Studio Code 5.04.49 PM.app/Contents/Resources/app/extensions/ms-vscode.js-debug/src/extension.js
[2021-09-27 19:33:52.324] [exthost] [info] ExtensionService#_doActivateExtension vscode.github-authentication {"startup":false,"extensionId":{"value":"vscode.github-authentication","_lower":"vscode.github-authentication"},"activationEvent":"onAuthenticationRequest:github"}
[2021-09-27 19:33:52.324] [exthost] [info] ExtensionService#loadCommonJSModule file:///Applications/Visual Studio Code 5.04.49 PM.app/Contents/Resources/app/extensions/github-authentication/dist/extension.js
[2021-09-27 19:33:52.362] [exthost] [info] ExtensionService#_doActivateExtension vscode.github {"startup":true,"extensionId":{"value":"vscode.github","_lower":"vscode.github"},"activationEvent":"*"}
[2021-09-27 19:33:52.362] [exthost] [info] ExtensionService#loadCommonJSModule file:///Applications/Visual Studio Code 5.04.49 PM.app/Contents/Resources/app/extensions/github/dist/extension.js
[2021-09-27 19:33:52.371] [exthost] [info] eager extensions activated
[2021-09-27 19:33:52.383] [exthost] [info] ExtensionService#_doActivateExtension vscode.emmet {"startup":false,"extensionId":{"value":"vscode.emmet","_lower":"vscode.emmet"},"activationEvent":"onStartupFinished"}
[2021-09-27 19:33:52.384] [exthost] [info] ExtensionService#loadCommonJSModule file:///Applications/Visual Studio Code 5.04.49 PM.app/Contents/Resources/app/extensions/emmet/dist/node/emmetNodeMain
[2021-09-27 19:33:52.387] [exthost] [info] ExtensionService#_doActivateExtension vscode.merge-conflict {"startup":false,"extensionId":{"value":"vscode.merge-conflict","_lower":"vscode.merge-conflict"},"activationEvent":"onStartupFinished"}
[2021-09-27 19:33:52.387] [exthost] [info] ExtensionService#loadCommonJSModule file:///Applications/Visual Studio Code 5.04.49 PM.app/Contents/Resources/app/extensions/merge-conflict/dist/mergeConflictMain
[2021-09-27 19:33:52.388] [exthost] [info] ExtensionService#_doActivateExtension dbaeumer.vscode-eslint {"startup":false,"extensionId":{"value":"dbaeumer.vscode-eslint","_lower":"dbaeumer.vscode-eslint"},"activationEvent":"onStartupFinished"}
[2021-09-27 19:33:52.388] [exthost] [info] ExtensionService#loadCommonJSModule file:///Users/Chase/.vscode/extensions/dbaeumer.vscode-eslint-2.1.25/client/out/extension
[2021-09-27 19:33:52.407] [exthost] [info] ExtensionService#_doActivateExtension esbenp.prettier-vscode {"startup":false,"extensionId":{"value":"esbenp.prettier-vscode","_lower":"esbenp.prettier-vscode"},"activationEvent":"onStartupFinished"}
[2021-09-27 19:33:52.408] [exthost] [info] ExtensionService#loadCommonJSModule file:///Users/Chase/.vscode/extensions/esbenp.prettier-vscode-9.0.0/dist/extension
[2021-09-27 19:34:03.318] [exthost] [info] ExtensionService#_doActivateExtension vscode.extension-editing {"startup":false,"extensionId":{"value":"vscode.extension-editing","_lower":"vscode.extension-editing"},"activationEvent":"onLanguage:typescript"}
[2021-09-27 19:34:03.318] [exthost] [info] ExtensionService#loadCommonJSModule file:///Applications/Visual Studio Code 5.04.49 PM.app/Contents/Resources/app/extensions/extension-editing/dist/extensionEditingMain
[2021-09-27 19:34:03.323] [exthost] [info] ExtensionService#_doActivateExtension vscode.typescript-language-features {"startup":false,"extensionId":{"value":"vscode.typescript-language-features","_lower":"vscode.typescript-language-features"},"activationEvent":"onLanguage:typescript"}
[2021-09-27 19:34:03.323] [exthost] [info] ExtensionService#loadCommonJSModule file:///Applications/Visual Studio Code 5.04.49 PM.app/Contents/Resources/app/extensions/typescript-language-features/dist/extension
[2021-09-27 19:34:03.337] [exthost] [info] ExtensionService#_doActivateExtension VisualStudioExptTeam.vscodeintellicode {"startup":false,"extensionId":{"value":"VisualStudioExptTeam.vscodeintellicode","_lower":"visualstudioexptteam.vscodeintellicode"},"activationEvent":"onLanguage:typescript"}
[2021-09-27 19:34:03.337] [exthost] [info] ExtensionService#loadCommonJSModule file:///Users/Chase/.vscode/extensions/visualstudioexptteam.vscodeintellicode-1.2.14/dist/intellicode
[2021-09-27 19:34:07.358] [exthost] [warning] [Decorations] CAPPING events from decorations provider vscode.git 5000
[2021-09-27 19:34:49.136] [exthost] [info] extension host terminating: renderer closed the socket
[2021-09-27 19:34:49.141] [exthost] [error] Error: ENOENT: no such file or directory, open '/Users/Chase/Library/Application Support/Code/User/globalStorage/vscodevim.vim/.registers'
[2021-09-27 19:34:50.145] [exthost] [info] exiting with code 0
