[Info  - 02:32:02.86] Reading sessions from keychain...
[Info  - 02:32:02.91] Getting sessions for all scopes...
[Info  - 02:32:02.220] Got 0 sessions for all scopes...
[Info  - 02:32:02.220] Getting sessions for all scopes...
[Info  - 02:32:02.220] Got 0 sessions for all scopes...
[Info  - 02:32:10.267] Getting sessions for all scopes...
[Info  - 02:32:10.267] Got 0 sessions for all scopes...
[Info  - 02:32:11.614] Getting sessions for all scopes...
[Info  - 02:32:11.614] Got 0 sessions for all scopes...
[Info  - 02:32:13.104] Logging in for the following scopes: user:email
[Trace  - 02:32:16.161] Handling Uri...
[Info  - 02:32:16.161] Exchanging code for token...
[Info  - 02:32:16.619] Token exchange success!
[Info  - 02:32:16.621] Getting user info...
[Info  - 02:32:16.869] Got account info!
[Info  - 02:32:16.869] Storing 1 sessions...
[Info  - 02:32:17.71] Reading sessions from keychain...
[Info  - 02:32:17.71] Stored 1 sessions!
[Info  - 02:32:17.71] Login success!
[Info  - 02:32:17.74] Getting sessions for all scopes...
[Info  - 02:32:17.74] Getting sessions for all scopes...
[Trace  - 02:32:17.75] Token acquired from secret storage.
[Info  - 02:32:17.75] Got stored sessions!
[Trace  - 02:32:17.75] Read the following session from the keychain with the following scopes: user:email
[Info  - 02:32:17.75] Got 1 verified sessions.
[Info  - 02:32:17.75] Got 1 sessions for all scopes...
[Info  - 02:32:17.75] Got 1 sessions for all scopes...
[Info  - 02:32:21.995] Getting sessions for all scopes...
[Info  - 02:32:21.995] Got 1 sessions for all scopes...
[Info  - 02:32:41.640] Getting sessions for all scopes...
[Info  - 02:32:41.640] Got 1 sessions for all scopes...
[Info  - 02:32:57.679] Getting sessions for all scopes...
[Info  - 02:32:57.679] Got 1 sessions for all scopes...
