[2021-09-27 19:36:03.321] [exthost] [info] extension host started
[2021-09-27 19:36:03.346] [exthost] [info] ExtensionService#_doActivateExtension vscode.microsoft-authentication {"startup":false,"extensionId":{"value":"vscode.microsoft-authentication","_lower":"vscode.microsoft-authentication"},"activationEvent":"onAuthenticationRequest:microsoft"}
[2021-09-27 19:36:03.346] [exthost] [info] ExtensionService#loadCommonJSModule file:///Applications/Visual Studio Code 5.04.49 PM.app/Contents/Resources/app/extensions/microsoft-authentication/dist/extension.js
[2021-09-27 19:36:03.353] [exthost] [info] ExtensionService#_doActivateExtension vscode.debug-auto-launch {"startup":true,"extensionId":{"value":"vscode.debug-auto-launch","_lower":"vscode.debug-auto-launch"},"activationEvent":"*"}
[2021-09-27 19:36:03.353] [exthost] [info] ExtensionService#loadCommonJSModule file:///Applications/Visual Studio Code 5.04.49 PM.app/Contents/Resources/app/extensions/debug-auto-launch/dist/extension
[2021-09-27 19:36:03.355] [exthost] [info] ExtensionService#_doActivateExtension vscode.git {"startup":true,"extensionId":{"value":"vscode.github","_lower":"vscode.github"},"activationEvent":"*"}
[2021-09-27 19:36:03.355] [exthost] [info] ExtensionService#loadCommonJSModule file:///Applications/Visual Studio Code 5.04.49 PM.app/Contents/Resources/app/extensions/git/dist/main
[2021-09-27 19:36:03.364] [exthost] [info] ExtensionService#_doActivateExtension CoenraadS.bracket-pair-colorizer {"startup":true,"extensionId":{"value":"CoenraadS.bracket-pair-colorizer","_lower":"coenraads.bracket-pair-colorizer"},"activationEvent":"*"}
[2021-09-27 19:36:03.364] [exthost] [info] ExtensionService#loadCommonJSModule file:///Users/Chase/.vscode/extensions/coenraads.bracket-pair-colorizer-1.0.61/out/src/extension
[2021-09-27 19:36:03.376] [exthost] [info] ExtensionService#_doActivateExtension ecmel.vscode-html-css {"startup":true,"extensionId":{"value":"ecmel.vscode-html-css","_lower":"ecmel.vscode-html-css"},"activationEvent":"*"}
[2021-09-27 19:36:03.376] [exthost] [info] ExtensionService#loadCommonJSModule file:///Users/Chase/.vscode/extensions/ecmel.vscode-html-css-1.10.2/dist/extension.js
[2021-09-27 19:36:03.390] [exthost] [info] ExtensionService#_doActivateExtension formulahendry.auto-rename-tag {"startup":true,"extensionId":{"value":"formulahendry.auto-rename-tag","_lower":"formulahendry.auto-rename-tag"},"activationEvent":"*"}
[2021-09-27 19:36:03.390] [exthost] [info] ExtensionService#loadCommonJSModule file:///Users/Chase/.vscode/extensions/formulahendry.auto-rename-tag-0.1.8/packages/extension/dist/extensionMain.js
[2021-09-27 19:36:03.400] [exthost] [info] ExtensionService#_doActivateExtension ms-vscode.sublime-keybindings {"startup":true,"extensionId":{"value":"ms-vscode.sublime-keybindings","_lower":"ms-vscode.sublime-keybindings"},"activationEvent":"*"}
[2021-09-27 19:36:03.400] [exthost] [info] ExtensionService#loadCommonJSModule file:///Users/Chase/.vscode/extensions/ms-vscode.sublime-keybindings-4.0.10/dist/extension.js
[2021-09-27 19:36:03.402] [exthost] [info] ExtensionService#_doActivateExtension ritwickdey.LiveServer {"startup":true,"extensionId":{"value":"ritwickdey.LiveServer","_lower":"ritwickdey.liveserver"},"activationEvent":"*"}
[2021-09-27 19:36:03.402] [exthost] [info] ExtensionService#loadCommonJSModule file:///Users/Chase/.vscode/extensions/ritwickdey.liveserver-5.6.1/out/src/extension
[2021-09-27 19:36:03.660] [exthost] [info] ExtensionService#_doActivateExtension shyykoserhiy.vscode-spotify {"startup":true,"extensionId":{"value":"shyykoserhiy.vscode-spotify","_lower":"shyykoserhiy.vscode-spotify"},"activationEvent":"*"}
[2021-09-27 19:36:03.660] [exthost] [info] ExtensionService#loadCommonJSModule file:///Users/Chase/.vscode/extensions/shyykoserhiy.vscode-spotify-3.2.1/out/extension.js
[2021-09-27 19:36:03.885] [exthost] [info] ExtensionService#_doActivateExtension vscodevim.vim {"startup":true,"extensionId":{"value":"vscodevim.vim","_lower":"vscodevim.vim"},"activationEvent":"*"}
[2021-09-27 19:36:03.885] [exthost] [info] ExtensionService#loadCommonJSModule file:///Users/Chase/.vscode/extensions/vscodevim.vim-1.21.7/out/extension
[2021-09-27 19:36:03.997] [exthost] [info] ExtensionService#_doActivateExtension ms-vscode.js-debug {"startup":false,"extensionId":{"value":"ms-vscode.js-debug","_lower":"ms-vscode.js-debug"},"activationEvent":"onCommand:extension.js-debug.clearAutoAttachVariables"}
[2021-09-27 19:36:03.997] [exthost] [info] ExtensionService#loadCommonJSModule file:///Applications/Visual Studio Code 5.04.49 PM.app/Contents/Resources/app/extensions/ms-vscode.js-debug/src/extension.js
[2021-09-27 19:36:04.050] [exthost] [info] ExtensionService#_doActivateExtension vscode.github {"startup":false,"extensionId":{"value":"vscode.github","_lower":"vscode.github"},"activationEvent":"*"}
[2021-09-27 19:36:04.050] [exthost] [info] ExtensionService#loadCommonJSModule file:///Applications/Visual Studio Code 5.04.49 PM.app/Contents/Resources/app/extensions/github/dist/extension.js
[2021-09-27 19:36:04.067] [exthost] [info] ExtensionService#_doActivateExtension vscode.github-authentication {"startup":false,"extensionId":{"value":"vscode.github-authentication","_lower":"vscode.github-authentication"},"activationEvent":"onAuthenticationRequest:github"}
[2021-09-27 19:36:04.067] [exthost] [info] ExtensionService#loadCommonJSModule file:///Applications/Visual Studio Code 5.04.49 PM.app/Contents/Resources/app/extensions/github-authentication/dist/extension.js
[2021-09-27 19:36:04.078] [exthost] [info] eager extensions activated
[2021-09-27 19:36:04.095] [exthost] [info] ExtensionService#_doActivateExtension vscode.emmet {"startup":false,"extensionId":{"value":"vscode.emmet","_lower":"vscode.emmet"},"activationEvent":"onStartupFinished"}
[2021-09-27 19:36:04.095] [exthost] [info] ExtensionService#loadCommonJSModule file:///Applications/Visual Studio Code 5.04.49 PM.app/Contents/Resources/app/extensions/emmet/dist/node/emmetNodeMain
[2021-09-27 19:36:04.101] [exthost] [info] ExtensionService#_doActivateExtension vscode.merge-conflict {"startup":false,"extensionId":{"value":"vscode.merge-conflict","_lower":"vscode.merge-conflict"},"activationEvent":"onStartupFinished"}
[2021-09-27 19:36:04.102] [exthost] [info] ExtensionService#loadCommonJSModule file:///Applications/Visual Studio Code 5.04.49 PM.app/Contents/Resources/app/extensions/merge-conflict/dist/mergeConflictMain
[2021-09-27 19:36:04.103] [exthost] [info] ExtensionService#_doActivateExtension dbaeumer.vscode-eslint {"startup":false,"extensionId":{"value":"dbaeumer.vscode-eslint","_lower":"dbaeumer.vscode-eslint"},"activationEvent":"onStartupFinished"}
[2021-09-27 19:36:04.103] [exthost] [info] ExtensionService#loadCommonJSModule file:///Users/Chase/.vscode/extensions/dbaeumer.vscode-eslint-2.1.25/client/out/extension
[2021-09-27 19:36:04.117] [exthost] [info] ExtensionService#_doActivateExtension esbenp.prettier-vscode {"startup":false,"extensionId":{"value":"esbenp.prettier-vscode","_lower":"esbenp.prettier-vscode"},"activationEvent":"onStartupFinished"}
[2021-09-27 19:36:04.117] [exthost] [info] ExtensionService#loadCommonJSModule file:///Users/Chase/.vscode/extensions/esbenp.prettier-vscode-9.0.0/dist/extension
[2021-09-27 19:36:30.042] [exthost] [info] extension host terminating: renderer closed the socket
[2021-09-27 19:36:30.066] [exthost] [error] Error: ENOENT: no such file or directory, open '/Users/Chase/Library/Application Support/Code/User/globalStorage/vscodevim.vim/.registers'
[2021-09-27 19:36:31.045] [exthost] [info] extension host started
[2021-09-27 19:36:31.045] [exthost] [info] Skipping acquiring lock for /Users/Chase/Library/Application Support/Code/User/workspaceStorage/15e6f90a4036f768c982fac73bea0cc9.
[2021-09-27 19:36:31.065] [exthost] [info] exiting with code 0
[2021-09-27 19:36:31.091] [exthost] [info] ExtensionService#_doActivateExtension vscode.microsoft-authentication {"startup":false,"extensionId":{"value":"vscode.microsoft-authentication","_lower":"vscode.microsoft-authentication"},"activationEvent":"onAuthenticationRequest:microsoft"}
[2021-09-27 19:36:31.091] [exthost] [info] ExtensionService#loadCommonJSModule file:///Applications/Visual Studio Code 5.04.49 PM.app/Contents/Resources/app/extensions/microsoft-authentication/dist/extension.js
[2021-09-27 19:36:31.098] [exthost] [info] ExtensionService#_doActivateExtension vscode.debug-auto-launch {"startup":true,"extensionId":{"value":"vscode.debug-auto-launch","_lower":"vscode.debug-auto-launch"},"activationEvent":"*"}
[2021-09-27 19:36:31.098] [exthost] [info] ExtensionService#loadCommonJSModule file:///Applications/Visual Studio Code 5.04.49 PM.app/Contents/Resources/app/extensions/debug-auto-launch/dist/extension
[2021-09-27 19:36:31.100] [exthost] [info] ExtensionService#_doActivateExtension vscode.git {"startup":true,"extensionId":{"value":"vscode.github","_lower":"vscode.github"},"activationEvent":"*"}
[2021-09-27 19:36:31.100] [exthost] [info] ExtensionService#loadCommonJSModule file:///Applications/Visual Studio Code 5.04.49 PM.app/Contents/Resources/app/extensions/git/dist/main
[2021-09-27 19:36:31.109] [exthost] [info] ExtensionService#_doActivateExtension CoenraadS.bracket-pair-colorizer {"startup":true,"extensionId":{"value":"CoenraadS.bracket-pair-colorizer","_lower":"coenraads.bracket-pair-colorizer"},"activationEvent":"*"}
[2021-09-27 19:36:31.121] [exthost] [info] ExtensionService#loadCommonJSModule file:///Users/Chase/.vscode/extensions/coenraads.bracket-pair-colorizer-1.0.61/out/src/extension
[2021-09-27 19:36:31.138] [exthost] [info] ExtensionService#_doActivateExtension ecmel.vscode-html-css {"startup":true,"extensionId":{"value":"ecmel.vscode-html-css","_lower":"ecmel.vscode-html-css"},"activationEvent":"*"}
[2021-09-27 19:36:31.143] [exthost] [info] ExtensionService#loadCommonJSModule file:///Users/Chase/.vscode/extensions/ecmel.vscode-html-css-1.10.2/dist/extension.js
[2021-09-27 19:36:31.159] [exthost] [info] ExtensionService#_doActivateExtension formulahendry.auto-rename-tag {"startup":true,"extensionId":{"value":"formulahendry.auto-rename-tag","_lower":"formulahendry.auto-rename-tag"},"activationEvent":"*"}
[2021-09-27 19:36:31.162] [exthost] [info] ExtensionService#loadCommonJSModule file:///Users/Chase/.vscode/extensions/formulahendry.auto-rename-tag-0.1.8/packages/extension/dist/extensionMain.js
[2021-09-27 19:36:31.180] [exthost] [info] ExtensionService#_doActivateExtension ms-vscode.sublime-keybindings {"startup":true,"extensionId":{"value":"ms-vscode.sublime-keybindings","_lower":"ms-vscode.sublime-keybindings"},"activationEvent":"*"}
[2021-09-27 19:36:31.180] [exthost] [info] ExtensionService#loadCommonJSModule file:///Users/Chase/.vscode/extensions/ms-vscode.sublime-keybindings-4.0.10/dist/extension.js
[2021-09-27 19:36:31.181] [exthost] [info] ExtensionService#_doActivateExtension ritwickdey.LiveServer {"startup":true,"extensionId":{"value":"ritwickdey.LiveServer","_lower":"ritwickdey.liveserver"},"activationEvent":"*"}
[2021-09-27 19:36:31.181] [exthost] [info] ExtensionService#loadCommonJSModule file:///Users/Chase/.vscode/extensions/ritwickdey.liveserver-5.6.1/out/src/extension
[2021-09-27 19:36:31.583] [exthost] [info] ExtensionService#_doActivateExtension shyykoserhiy.vscode-spotify {"startup":true,"extensionId":{"value":"shyykoserhiy.vscode-spotify","_lower":"shyykoserhiy.vscode-spotify"},"activationEvent":"*"}
[2021-09-27 19:36:31.583] [exthost] [info] ExtensionService#loadCommonJSModule file:///Users/Chase/.vscode/extensions/shyykoserhiy.vscode-spotify-3.2.1/out/extension.js
[2021-09-27 19:36:31.910] [exthost] [info] ExtensionService#_doActivateExtension vscodevim.vim {"startup":true,"extensionId":{"value":"vscodevim.vim","_lower":"vscodevim.vim"},"activationEvent":"*"}
[2021-09-27 19:36:31.910] [exthost] [info] ExtensionService#loadCommonJSModule file:///Users/Chase/.vscode/extensions/vscodevim.vim-1.21.7/out/extension
[2021-09-27 19:36:32.058] [exthost] [info] ExtensionService#_doActivateExtension ms-vscode.js-debug {"startup":false,"extensionId":{"value":"ms-vscode.js-debug","_lower":"ms-vscode.js-debug"},"activationEvent":"onCommand:extension.js-debug.clearAutoAttachVariables"}
[2021-09-27 19:36:32.058] [exthost] [info] ExtensionService#loadCommonJSModule file:///Applications/Visual Studio Code 5.04.49 PM.app/Contents/Resources/app/extensions/ms-vscode.js-debug/src/extension.js
[2021-09-27 19:36:32.140] [exthost] [info] ExtensionService#_doActivateExtension vscode.github-authentication {"startup":false,"extensionId":{"value":"vscode.github-authentication","_lower":"vscode.github-authentication"},"activationEvent":"onAuthenticationRequest:github"}
[2021-09-27 19:36:32.142] [exthost] [info] ExtensionService#loadCommonJSModule file:///Applications/Visual Studio Code 5.04.49 PM.app/Contents/Resources/app/extensions/github-authentication/dist/extension.js
[2021-09-27 19:36:32.200] [exthost] [info] ExtensionService#_doActivateExtension vscode.github {"startup":true,"extensionId":{"value":"vscode.github","_lower":"vscode.github"},"activationEvent":"*"}
[2021-09-27 19:36:32.200] [exthost] [info] ExtensionService#loadCommonJSModule file:///Applications/Visual Studio Code 5.04.49 PM.app/Contents/Resources/app/extensions/github/dist/extension.js
[2021-09-27 19:36:32.236] [exthost] [info] eager extensions activated
[2021-09-27 19:36:32.240] [exthost] [info] ExtensionService#_doActivateExtension vscode.emmet {"startup":false,"extensionId":{"value":"vscode.emmet","_lower":"vscode.emmet"},"activationEvent":"onStartupFinished"}
[2021-09-27 19:36:32.240] [exthost] [info] ExtensionService#loadCommonJSModule file:///Applications/Visual Studio Code 5.04.49 PM.app/Contents/Resources/app/extensions/emmet/dist/node/emmetNodeMain
[2021-09-27 19:36:32.248] [exthost] [info] ExtensionService#_doActivateExtension vscode.merge-conflict {"startup":false,"extensionId":{"value":"vscode.merge-conflict","_lower":"vscode.merge-conflict"},"activationEvent":"onStartupFinished"}
[2021-09-27 19:36:32.248] [exthost] [info] ExtensionService#loadCommonJSModule file:///Applications/Visual Studio Code 5.04.49 PM.app/Contents/Resources/app/extensions/merge-conflict/dist/mergeConflictMain
[2021-09-27 19:36:32.250] [exthost] [info] ExtensionService#_doActivateExtension dbaeumer.vscode-eslint {"startup":false,"extensionId":{"value":"dbaeumer.vscode-eslint","_lower":"dbaeumer.vscode-eslint"},"activationEvent":"onStartupFinished"}
[2021-09-27 19:36:32.250] [exthost] [info] ExtensionService#loadCommonJSModule file:///Users/Chase/.vscode/extensions/dbaeumer.vscode-eslint-2.1.25/client/out/extension
[2021-09-27 19:36:32.266] [exthost] [info] ExtensionService#_doActivateExtension esbenp.prettier-vscode {"startup":false,"extensionId":{"value":"esbenp.prettier-vscode","_lower":"esbenp.prettier-vscode"},"activationEvent":"onStartupFinished"}
[2021-09-27 19:36:32.266] [exthost] [info] ExtensionService#loadCommonJSModule file:///Users/Chase/.vscode/extensions/esbenp.prettier-vscode-9.0.0/dist/extension
[2021-09-27 19:38:17.196] [exthost] [warning] [Decorations] CAPPING events from decorations provider vscode.git 5000
[2021-09-27 19:39:13.550] [exthost] [warning] [Decorations] CAPPING events from decorations provider vscode.git 5000
[2021-09-27 19:41:30.247] [exthost] [info] extension host terminating: renderer closed the socket
[2021-09-27 19:41:30.255] [exthost] [error] Error: ENOENT: no such file or directory, open '/Users/Chase/Library/Application Support/Code/User/globalStorage/vscodevim.vim/.registers'
[2021-09-27 19:41:31.258] [exthost] [info] exiting with code 0
