[Sep 27, 2021, 5:23:28.5 PM:ERROR:publisher.cc(436)] Publisher info was not saved!
[Sep 27, 2021, 5:23:35.3 PM:ERROR:publisher.cc(436)] Publisher info was not saved!
[Sep 27, 2021, 5:23:49.7 PM:ERROR:publisher.cc(436)] Publisher info was not saved!
[Sep 27, 2021, 5:24:17.5 PM:ERROR:publisher.cc(436)] Publisher info was not saved!
[Sep 27, 2021, 5:24:21.7 PM:ERROR:publisher.cc(436)] Publisher info was not saved!
[Sep 27, 2021, 5:24:26.0 PM:ERROR:publisher.cc(436)] Publisher info was not saved!
[Sep 27, 2021, 5:24:36.9 PM:ERROR:publisher.cc(436)] Publisher info was not saved!
[Sep 27, 2021, 5:24:41.8 PM:ERROR:publisher.cc(436)] Publisher info was not saved!
[Sep 27, 2021, 5:24:48.8 PM:ERROR:publisher.cc(436)] Publisher info was not saved!
[Sep 27, 2021, 5:24:58.0 PM:ERROR:publisher.cc(436)] Publisher info was not saved!
[Sep 27, 2021, 5:25:39.8 PM:ERROR:publisher.cc(436)] Publisher info was not saved!
[Sep 27, 2021, 5:26:18.3 PM:ERROR:publisher.cc(436)] Publisher info was not saved!
[Sep 27, 2021, 5:27:36.0 PM:ERROR:publisher.cc(436)] Publisher info was not saved!
[Sep 27, 2021, 5:27:40.5 PM:ERROR:publisher.cc(436)] Publisher info was not saved!
[Sep 27, 2021, 5:27:41.5 PM:ERROR:publisher.cc(436)] Publisher info was not saved!
[Sep 27, 2021, 5:27:42.7 PM:ERROR:publisher.cc(436)] Publisher info was not saved!
[Sep 27, 2021, 5:27:59.3 PM:ERROR:publisher.cc(436)] Publisher info was not saved!
[Sep 27, 2021, 5:28:12.0 PM:ERROR:publisher.cc(436)] Publisher info was not saved!
[Sep 27, 2021, 5:28:12.0 PM:ERROR:publisher.cc(436)] Publisher info was not saved!
[Sep 27, 2021, 5:28:20.2 PM:ERROR:publisher.cc(436)] Publisher info was not saved!
[Sep 27, 2021, 5:28:36.2 PM:ERROR:publisher.cc(436)] Publisher info was not saved!
[Sep 27, 2021, 5:28:48.5 PM:ERROR:publisher.cc(436)] Publisher info was not saved!
[Sep 27, 2021, 5:29:02.7 PM:ERROR:publisher.cc(436)] Publisher info was not saved!
[Sep 27, 2021, 5:29:33.1 PM:ERROR:publisher.cc(436)] Publisher info was not saved!
[Sep 27, 2021, 5:29:46.9 PM:ERROR:publisher.cc(436)] Publisher info was not saved!
[Sep 27, 2021, 5:30:11.2 PM:ERROR:publisher.cc(436)] Publisher info was not saved!
[Sep 27, 2021, 5:30:20.7 PM:ERROR:publisher.cc(436)] Publisher info was not saved!
[Sep 27, 2021, 5:30:29.0 PM:ERROR:publisher.cc(436)] Publisher info was not saved!
[Sep 27, 2021, 5:30:32.4 PM:ERROR:server_publisher_fetcher.cc(95)] Error saving server publisher info record
[Sep 27, 2021, 5:30:32.4 PM:ERROR:publisher.cc(436)] Publisher info was not saved!
[Sep 27, 2021, 5:30:32.4 PM:ERROR:publisher.cc(436)] Publisher info was not saved!
[Sep 27, 2021, 5:30:32.6 PM:ERROR:server_publisher_fetcher.cc(95)] Error saving server publisher info record
[Sep 27, 2021, 5:30:32.6 PM:ERROR:publisher.cc(774)] Publisher info not found
[Sep 27, 2021, 5:30:32.6 PM:ERROR:publisher.cc(774)] Publisher info not found
[Sep 27, 2021, 5:30:46.7 PM:ERROR:server_publisher_fetcher.cc(95)] Error saving server publisher info record
[Sep 27, 2021, 5:30:46.7 PM:ERROR:publisher.cc(436)] Publisher info was not saved!
[Sep 27, 2021, 5:30:54.8 PM:ERROR:server_publisher_fetcher.cc(95)] Error saving server publisher info record
[Sep 27, 2021, 5:30:54.8 PM:ERROR:publisher.cc(436)] Publisher info was not saved!
[Sep 27, 2021, 5:31:03.8 PM:ERROR:server_publisher_fetcher.cc(95)] Error saving server publisher info record
[Sep 27, 2021, 5:31:03.8 PM:ERROR:publisher.cc(436)] Publisher info was not saved!
[Sep 27, 2021, 5:31:08.6 PM:ERROR:server_publisher_fetcher.cc(95)] Error saving server publisher info record
[Sep 27, 2021, 5:31:08.6 PM:ERROR:publisher.cc(436)] Publisher info was not saved!
[Sep 27, 2021, 5:31:55.3 PM:ERROR:server_publisher_fetcher.cc(95)] Error saving server publisher info record
[Sep 27, 2021, 5:31:55.3 PM:ERROR:publisher.cc(436)] Publisher info was not saved!
[Sep 27, 2021, 5:32:19.7 PM:ERROR:server_publisher_fetcher.cc(95)] Error saving server publisher info record
[Sep 27, 2021, 5:32:19.7 PM:ERROR:publisher.cc(436)] Publisher info was not saved!
[Sep 27, 2021, 5:32:58.9 PM:ERROR:publisher.cc(436)] Publisher info was not saved!
[Sep 27, 2021, 5:33:29.8 PM:ERROR:server_publisher_fetcher.cc(95)] Error saving server publisher info record
[Sep 27, 2021, 5:33:29.8 PM:ERROR:publisher.cc(436)] Publisher info was not saved!
[Sep 27, 2021, 5:33:46.5 PM:ERROR:server_publisher_fetcher.cc(95)] Error saving server publisher info record
[Sep 27, 2021, 5:33:46.5 PM:ERROR:publisher.cc(436)] Publisher info was not saved!
[Sep 27, 2021, 5:33:52.1 PM:ERROR:publisher.cc(436)] Publisher info was not saved!
[Sep 27, 2021, 5:34:21.9 PM:ERROR:publisher.cc(436)] Publisher info was not saved!
[Sep 27, 2021, 5:35:02.8 PM:ERROR:publisher.cc(436)] Publisher info was not saved!
[Sep 27, 2021, 5:35:03.9 PM:ERROR:server_publisher_fetcher.cc(95)] Error saving server publisher info record
[Sep 27, 2021, 5:35:03.9 PM:ERROR:publisher.cc(436)] Publisher info was not saved!
[Sep 27, 2021, 5:35:18.9 PM:ERROR:server_publisher_fetcher.cc(95)] Error saving server publisher info record
[Sep 27, 2021, 5:35:18.9 PM:ERROR:publisher.cc(436)] Publisher info was not saved!
[Sep 27, 2021, 5:35:31.8 PM:ERROR:server_publisher_fetcher.cc(95)] Error saving server publisher info record
[Sep 27, 2021, 5:35:31.8 PM:ERROR:publisher.cc(436)] Publisher info was not saved!
[Sep 27, 2021, 5:35:38.0 PM:ERROR:server_publisher_fetcher.cc(95)] Error saving server publisher info record
[Sep 27, 2021, 5:35:38.0 PM:ERROR:publisher.cc(774)] Publisher info not found
[Sep 27, 2021, 5:35:38.0 PM:ERROR:publisher.cc(774)] Publisher info not found
[Sep 27, 2021, 5:35:38.0 PM:ERROR:publisher.cc(436)] Publisher info was not saved!
[Sep 27, 2021, 5:35:38.0 PM:ERROR:publisher.cc(436)] Publisher info was not saved!
[Sep 27, 2021, 5:35:42.1 PM:ERROR:server_publisher_fetcher.cc(95)] Error saving server publisher info record
[Sep 27, 2021, 5:35:42.1 PM:ERROR:publisher.cc(774)] Publisher info not found
[Sep 27, 2021, 5:35:42.1 PM:ERROR:publisher.cc(774)] Publisher info not found
[Sep 27, 2021, 5:35:42.1 PM:ERROR:publisher.cc(436)] Publisher info was not saved!
[Sep 27, 2021, 5:35:42.1 PM:ERROR:publisher.cc(436)] Publisher info was not saved!
[Sep 27, 2021, 5:35:46.9 PM:ERROR:server_publisher_fetcher.cc(95)] Error saving server publisher info record
[Sep 27, 2021, 5:35:46.9 PM:ERROR:publisher.cc(774)] Publisher info not found
[Sep 27, 2021, 5:35:46.9 PM:ERROR:publisher.cc(436)] Publisher info was not saved!
[Sep 27, 2021, 5:35:54.0 PM:ERROR:server_publisher_fetcher.cc(95)] Error saving server publisher info record
[Sep 27, 2021, 5:35:54.0 PM:ERROR:publisher.cc(774)] Publisher info not found
[Sep 27, 2021, 5:35:54.0 PM:ERROR:publisher.cc(774)] Publisher info not found
[Sep 27, 2021, 5:35:54.0 PM:ERROR:publisher.cc(436)] Publisher info was not saved!
[Sep 27, 2021, 5:35:54.0 PM:ERROR:publisher.cc(436)] Publisher info was not saved!
[Sep 27, 2021, 5:35:59.5 PM:ERROR:server_publisher_fetcher.cc(95)] Error saving server publisher info record
[Sep 27, 2021, 5:35:59.5 PM:ERROR:publisher.cc(774)] Publisher info not found
[Sep 27, 2021, 5:35:59.5 PM:ERROR:publisher.cc(774)] Publisher info not found
[Sep 27, 2021, 5:35:59.5 PM:ERROR:publisher.cc(436)] Publisher info was not saved!
[Sep 27, 2021, 5:35:59.5 PM:ERROR:publisher.cc(436)] Publisher info was not saved!
[Sep 27, 2021, 5:36:03.8 PM:ERROR:server_publisher_fetcher.cc(95)] Error saving server publisher info record
[Sep 27, 2021, 5:36:03.8 PM:ERROR:publisher.cc(774)] Publisher info not found
[Sep 27, 2021, 5:36:03.8 PM:ERROR:publisher.cc(774)] Publisher info not found
[Sep 27, 2021, 5:36:03.8 PM:ERROR:publisher.cc(436)] Publisher info was not saved!
[Sep 27, 2021, 5:36:03.8 PM:ERROR:publisher.cc(436)] Publisher info was not saved!
[Sep 27, 2021, 5:36:07.1 PM:ERROR:server_publisher_fetcher.cc(95)] Error saving server publisher info record
[Sep 27, 2021, 5:36:07.1 PM:ERROR:publisher.cc(774)] Publisher info not found
[Sep 27, 2021, 5:36:07.2 PM:ERROR:publisher.cc(436)] Publisher info was not saved!
[Sep 27, 2021, 5:36:10.0 PM:ERROR:server_publisher_fetcher.cc(95)] Error saving server publisher info record
[Sep 27, 2021, 5:36:10.0 PM:ERROR:publisher.cc(774)] Publisher info not found
[Sep 27, 2021, 5:36:10.0 PM:ERROR:publisher.cc(436)] Publisher info was not saved!
[Sep 27, 2021, 5:36:11.1 PM:ERROR:server_publisher_fetcher.cc(95)] Error saving server publisher info record
[Sep 27, 2021, 5:36:11.1 PM:ERROR:publisher.cc(774)] Publisher info not found
[Sep 27, 2021, 5:36:11.1 PM:ERROR:publisher.cc(436)] Publisher info was not saved!
[Sep 27, 2021, 5:36:14.8 PM:ERROR:server_publisher_fetcher.cc(95)] Error saving server publisher info record
[Sep 27, 2021, 5:36:14.8 PM:ERROR:publisher.cc(774)] Publisher info not found
[Sep 27, 2021, 5:36:14.8 PM:ERROR:publisher.cc(436)] Publisher info was not saved!
[Sep 27, 2021, 5:36:17.3 PM:ERROR:server_publisher_fetcher.cc(95)] Error saving server publisher info record
[Sep 27, 2021, 5:36:17.3 PM:ERROR:publisher.cc(774)] Publisher info not found
[Sep 27, 2021, 5:36:17.3 PM:ERROR:publisher.cc(774)] Publisher info not found
[Sep 27, 2021, 5:36:17.3 PM:ERROR:publisher.cc(436)] Publisher info was not saved!
[Sep 27, 2021, 5:36:17.3 PM:ERROR:publisher.cc(436)] Publisher info was not saved!
[Sep 27, 2021, 5:36:20.8 PM:ERROR:server_publisher_fetcher.cc(95)] Error saving server publisher info record
[Sep 27, 2021, 5:36:20.8 PM:ERROR:publisher.cc(774)] Publisher info not found
[Sep 27, 2021, 5:36:20.9 PM:ERROR:publisher.cc(436)] Publisher info was not saved!
[Sep 27, 2021, 5:36:26.9 PM:ERROR:server_publisher_fetcher.cc(95)] Error saving server publisher info record
[Sep 27, 2021, 5:36:26.9 PM:ERROR:publisher.cc(774)] Publisher info not found
[Sep 27, 2021, 5:36:26.9 PM:ERROR:publisher.cc(774)] Publisher info not found
[Sep 27, 2021, 5:36:26.9 PM:ERROR:publisher.cc(436)] Publisher info was not saved!
[Sep 27, 2021, 5:36:26.9 PM:ERROR:publisher.cc(436)] Publisher info was not saved!
[Sep 27, 2021, 5:36:40.0 PM:ERROR:server_publisher_fetcher.cc(95)] Error saving server publisher info record
[Sep 27, 2021, 5:36:40.0 PM:ERROR:publisher.cc(774)] Publisher info not found
[Sep 27, 2021, 5:36:40.0 PM:ERROR:publisher.cc(774)] Publisher info not found
[Sep 27, 2021, 5:36:40.0 PM:ERROR:publisher.cc(436)] Publisher info was not saved!
[Sep 27, 2021, 5:36:40.0 PM:ERROR:publisher.cc(436)] Publisher info was not saved!
[Sep 27, 2021, 5:36:56.2 PM:ERROR:server_publisher_fetcher.cc(95)] Error saving server publisher info record
[Sep 27, 2021, 5:36:56.2 PM:ERROR:publisher.cc(774)] Publisher info not found
[Sep 27, 2021, 5:36:56.2 PM:ERROR:publisher.cc(774)] Publisher info not found
[Sep 27, 2021, 5:36:56.2 PM:ERROR:publisher.cc(436)] Publisher info was not saved!
[Sep 27, 2021, 5:36:56.2 PM:ERROR:publisher.cc(436)] Publisher info was not saved!
[Sep 27, 2021, 5:37:00.0 PM:ERROR:server_publisher_fetcher.cc(95)] Error saving server publisher info record
[Sep 27, 2021, 5:37:00.0 PM:ERROR:publisher.cc(774)] Publisher info not found
[Sep 27, 2021, 5:37:00.0 PM:ERROR:publisher.cc(774)] Publisher info not found
[Sep 27, 2021, 5:37:00.1 PM:ERROR:publisher.cc(436)] Publisher info was not saved!
[Sep 27, 2021, 5:37:00.1 PM:ERROR:publisher.cc(436)] Publisher info was not saved!
[Sep 27, 2021, 5:37:13.7 PM:ERROR:publisher.cc(436)] Publisher info was not saved!
[Sep 27, 2021, 5:37:24.8 PM:ERROR:publisher.cc(436)] Publisher info was not saved!
[Sep 27, 2021, 5:38:28.9 PM:ERROR:server_publisher_fetcher.cc(95)] Error saving server publisher info record
[Sep 27, 2021, 5:38:28.9 PM:ERROR:publisher.cc(774)] Publisher info not found
[Sep 27, 2021, 5:38:28.9 PM:ERROR:publisher.cc(774)] Publisher info not found
[Sep 27, 2021, 5:38:28.9 PM:ERROR:publisher.cc(436)] Publisher info was not saved!
[Sep 27, 2021, 5:38:28.9 PM:ERROR:publisher.cc(436)] Publisher info was not saved!
[Sep 27, 2021, 5:39:04.0 PM:ERROR:server_publisher_fetcher.cc(95)] Error saving server publisher info record
[Sep 27, 2021, 5:39:04.0 PM:ERROR:publisher.cc(774)] Publisher info not found
[Sep 27, 2021, 5:39:04.0 PM:ERROR:publisher.cc(774)] Publisher info not found
[Sep 27, 2021, 5:39:04.0 PM:ERROR:publisher.cc(436)] Publisher info was not saved!
[Sep 27, 2021, 5:39:04.1 PM:ERROR:publisher.cc(436)] Publisher info was not saved!
[Sep 27, 2021, 5:39:09.4 PM:ERROR:server_publisher_fetcher.cc(95)] Error saving server publisher info record
[Sep 27, 2021, 5:39:09.4 PM:ERROR:publisher.cc(774)] Publisher info not found
[Sep 27, 2021, 5:39:09.4 PM:ERROR:publisher.cc(774)] Publisher info not found
[Sep 27, 2021, 5:39:09.4 PM:ERROR:publisher.cc(436)] Publisher info was not saved!
[Sep 27, 2021, 5:39:09.4 PM:ERROR:publisher.cc(436)] Publisher info was not saved!
[Sep 27, 2021, 5:39:11.8 PM:ERROR:server_publisher_fetcher.cc(95)] Error saving server publisher info record
[Sep 27, 2021, 5:39:11.8 PM:ERROR:publisher.cc(774)] Publisher info not found
[Sep 27, 2021, 5:39:11.8 PM:ERROR:publisher.cc(774)] Publisher info not found
[Sep 27, 2021, 5:39:11.8 PM:ERROR:publisher.cc(436)] Publisher info was not saved!
[Sep 27, 2021, 5:39:11.8 PM:ERROR:publisher.cc(436)] Publisher info was not saved!
[Sep 27, 2021, 5:39:38.2 PM:ERROR:server_publisher_fetcher.cc(95)] Error saving server publisher info record
[Sep 27, 2021, 5:39:38.2 PM:ERROR:publisher.cc(774)] Publisher info not found
[Sep 27, 2021, 5:39:38.2 PM:ERROR:publisher.cc(774)] Publisher info not found
[Sep 27, 2021, 5:39:38.2 PM:ERROR:publisher.cc(436)] Publisher info was not saved!
[Sep 27, 2021, 5:39:38.2 PM:ERROR:publisher.cc(436)] Publisher info was not saved!
[Sep 27, 2021, 5:40:08.4 PM:ERROR:server_publisher_fetcher.cc(95)] Error saving server publisher info record
[Sep 27, 2021, 5:40:08.4 PM:ERROR:publisher.cc(774)] Publisher info not found
[Sep 27, 2021, 5:40:08.4 PM:ERROR:publisher.cc(774)] Publisher info not found
[Sep 27, 2021, 5:40:08.4 PM:ERROR:publisher.cc(436)] Publisher info was not saved!
[Sep 27, 2021, 5:40:08.4 PM:ERROR:publisher.cc(436)] Publisher info was not saved!
[Sep 27, 2021, 5:40:16.7 PM:ERROR:server_publisher_fetcher.cc(95)] Error saving server publisher info record
[Sep 27, 2021, 5:40:16.7 PM:ERROR:publisher.cc(774)] Publisher info not found
[Sep 27, 2021, 5:40:16.7 PM:ERROR:publisher.cc(436)] Publisher info was not saved!
[Sep 27, 2021, 5:40:28.6 PM:ERROR:server_publisher_fetcher.cc(95)] Error saving server publisher info record
[Sep 27, 2021, 5:40:28.6 PM:ERROR:publisher.cc(774)] Publisher info not found
[Sep 27, 2021, 5:40:28.6 PM:ERROR:publisher.cc(774)] Publisher info not found
[Sep 27, 2021, 5:40:28.6 PM:ERROR:publisher.cc(436)] Publisher info was not saved!
[Sep 27, 2021, 5:40:28.6 PM:ERROR:publisher.cc(436)] Publisher info was not saved!
[Sep 27, 2021, 5:40:37.5 PM:ERROR:server_publisher_fetcher.cc(95)] Error saving server publisher info record
[Sep 27, 2021, 5:40:37.5 PM:ERROR:publisher.cc(774)] Publisher info not found
[Sep 27, 2021, 5:40:37.5 PM:ERROR:publisher.cc(774)] Publisher info not found
[Sep 27, 2021, 5:40:37.5 PM:ERROR:publisher.cc(436)] Publisher info was not saved!
[Sep 27, 2021, 5:40:37.5 PM:ERROR:publisher.cc(436)] Publisher info was not saved!
[Sep 27, 2021, 5:41:58.2 PM:ERROR:server_publisher_fetcher.cc(95)] Error saving server publisher info record
[Sep 27, 2021, 5:41:58.2 PM:ERROR:publisher.cc(774)] Publisher info not found
[Sep 27, 2021, 5:41:58.2 PM:ERROR:publisher.cc(774)] Publisher info not found
[Sep 27, 2021, 5:41:58.2 PM:ERROR:publisher.cc(436)] Publisher info was not saved!
[Sep 27, 2021, 5:41:58.2 PM:ERROR:publisher.cc(436)] Publisher info was not saved!
[Sep 27, 2021, 5:42:03.7 PM:ERROR:server_publisher_fetcher.cc(95)] Error saving server publisher info record
[Sep 27, 2021, 5:42:03.7 PM:ERROR:publisher.cc(774)] Publisher info not found
[Sep 27, 2021, 5:42:03.7 PM:ERROR:publisher.cc(774)] Publisher info not found
[Sep 27, 2021, 5:42:03.7 PM:ERROR:publisher.cc(436)] Publisher info was not saved!
[Sep 27, 2021, 5:42:03.7 PM:ERROR:publisher.cc(436)] Publisher info was not saved!
[Sep 27, 2021, 5:42:06.4 PM:ERROR:server_publisher_fetcher.cc(95)] Error saving server publisher info record
[Sep 27, 2021, 5:42:06.4 PM:ERROR:publisher.cc(774)] Publisher info not found
[Sep 27, 2021, 5:42:06.4 PM:ERROR:publisher.cc(774)] Publisher info not found
[Sep 27, 2021, 5:42:06.4 PM:ERROR:publisher.cc(436)] Publisher info was not saved!
[Sep 27, 2021, 5:42:06.4 PM:ERROR:publisher.cc(436)] Publisher info was not saved!
[Sep 27, 2021, 5:42:59.6 PM:ERROR:server_publisher_fetcher.cc(95)] Error saving server publisher info record
[Sep 27, 2021, 5:42:59.6 PM:ERROR:publisher.cc(774)] Publisher info not found
[Sep 27, 2021, 5:42:59.6 PM:ERROR:publisher.cc(774)] Publisher info not found
[Sep 27, 2021, 5:42:59.6 PM:ERROR:publisher.cc(436)] Publisher info was not saved!
[Sep 27, 2021, 5:42:59.6 PM:ERROR:publisher.cc(436)] Publisher info was not saved!
[Sep 27, 2021, 5:43:08.8 PM:ERROR:publisher.cc(436)] Publisher info was not saved!
[Sep 27, 2021, 5:43:16.2 PM:ERROR:publisher.cc(436)] Publisher info was not saved!
[Sep 27, 2021, 5:43:16.4 PM:ERROR:server_publisher_fetcher.cc(95)] Error saving server publisher info record
[Sep 27, 2021, 5:43:16.4 PM:ERROR:publisher.cc(774)] Publisher info not found
[Sep 27, 2021, 5:43:16.4 PM:ERROR:publisher.cc(774)] Publisher info not found
[Sep 27, 2021, 5:43:16.4 PM:ERROR:publisher.cc(436)] Publisher info was not saved!
[Sep 27, 2021, 5:43:16.4 PM:ERROR:publisher.cc(436)] Publisher info was not saved!
[Sep 27, 2021, 5:45:26.5 PM:ERROR:publisher.cc(436)] Publisher info was not saved!
[Sep 27, 2021, 5:45:27.0 PM:ERROR:publisher.cc(436)] Publisher info was not saved!
[Sep 27, 2021, 5:45:27.1 PM:ERROR:publisher.cc(436)] Publisher info was not saved!
[Sep 27, 2021, 5:45:29.6 PM:ERROR:publisher.cc(436)] Publisher info was not saved!
[Sep 27, 2021, 5:45:29.6 PM:ERROR:publisher.cc(436)] Publisher info was not saved!
[Sep 27, 2021, 5:45:29.7 PM:ERROR:publisher.cc(436)] Publisher info was not saved!
[Sep 27, 2021, 5:45:29.7 PM:ERROR:publisher.cc(436)] Publisher info was not saved!
[Sep 27, 2021, 5:45:41.0 PM:ERROR:server_publisher_fetcher.cc(95)] Error saving server publisher info record
[Sep 27, 2021, 5:45:41.0 PM:ERROR:publisher.cc(774)] Publisher info not found
[Sep 27, 2021, 5:45:41.0 PM:ERROR:publisher.cc(436)] Publisher info was not saved!
[Sep 27, 2021, 5:45:49.8 PM:ERROR:server_publisher_fetcher.cc(95)] Error saving server publisher info record
[Sep 27, 2021, 5:45:49.8 PM:ERROR:publisher.cc(774)] Publisher info not found
[Sep 27, 2021, 5:45:49.8 PM:ERROR:publisher.cc(436)] Publisher info was not saved!
[Sep 27, 2021, 5:45:51.7 PM:ERROR:server_publisher_fetcher.cc(95)] Error saving server publisher info record
[Sep 27, 2021, 5:45:51.7 PM:ERROR:publisher.cc(774)] Publisher info not found
[Sep 27, 2021, 5:45:51.7 PM:ERROR:publisher.cc(774)] Publisher info not found
[Sep 27, 2021, 5:45:51.7 PM:ERROR:publisher.cc(436)] Publisher info was not saved!
[Sep 27, 2021, 5:45:51.7 PM:ERROR:publisher.cc(436)] Publisher info was not saved!
[Sep 27, 2021, 5:45:53.6 PM:ERROR:server_publisher_fetcher.cc(95)] Error saving server publisher info record
[Sep 27, 2021, 5:45:53.6 PM:ERROR:publisher.cc(774)] Publisher info not found
[Sep 27, 2021, 5:45:53.6 PM:ERROR:publisher.cc(774)] Publisher info not found
[Sep 27, 2021, 5:45:53.6 PM:ERROR:publisher.cc(436)] Publisher info was not saved!
[Sep 27, 2021, 5:45:53.6 PM:ERROR:publisher.cc(436)] Publisher info was not saved!
[Sep 27, 2021, 5:46:20.6 PM:ERROR:server_publisher_fetcher.cc(95)] Error saving server publisher info record
[Sep 27, 2021, 5:46:20.6 PM:ERROR:publisher.cc(774)] Publisher info not found
[Sep 27, 2021, 5:46:20.6 PM:ERROR:publisher.cc(774)] Publisher info not found
[Sep 27, 2021, 5:46:20.6 PM:ERROR:publisher.cc(436)] Publisher info was not saved!
[Sep 27, 2021, 5:46:20.6 PM:ERROR:publisher.cc(436)] Publisher info was not saved!
[Sep 27, 2021, 5:46:28.7 PM:ERROR:publisher.cc(436)] Publisher info was not saved!
[Sep 27, 2021, 5:46:28.7 PM:ERROR:publisher.cc(436)] Publisher info was not saved!
[Sep 27, 2021, 5:46:32.6 PM:ERROR:publisher.cc(436)] Publisher info was not saved!
[Sep 27, 2021, 5:47:48.4 PM:ERROR:publisher.cc(436)] Publisher info was not saved!
[Sep 27, 2021, 5:47:51.4 PM:ERROR:publisher.cc(436)] Publisher info was not saved!
[Sep 27, 2021, 5:47:51.8 PM:ERROR:server_publisher_fetcher.cc(95)] Error saving server publisher info record
[Sep 27, 2021, 5:47:51.8 PM:ERROR:publisher.cc(774)] Publisher info not found
[Sep 27, 2021, 5:47:51.8 PM:ERROR:publisher.cc(436)] Publisher info was not saved!
[Sep 27, 2021, 5:47:52.0 PM:ERROR:server_publisher_fetcher.cc(95)] Error saving server publisher info record
[Sep 27, 2021, 5:47:52.0 PM:ERROR:publisher.cc(774)] Publisher info not found
[Sep 27, 2021, 5:47:52.0 PM:ERROR:publisher.cc(436)] Publisher info was not saved!
[Sep 27, 2021, 5:48:06.6 PM:ERROR:server_publisher_fetcher.cc(95)] Error saving server publisher info record
[Sep 27, 2021, 5:48:06.6 PM:ERROR:publisher.cc(774)] Publisher info not found
[Sep 27, 2021, 5:48:06.6 PM:ERROR:publisher.cc(774)] Publisher info not found
[Sep 27, 2021, 5:48:06.6 PM:ERROR:publisher.cc(436)] Publisher info was not saved!
[Sep 27, 2021, 5:48:06.6 PM:ERROR:publisher.cc(436)] Publisher info was not saved!
[Sep 27, 2021, 5:48:20.0 PM:ERROR:server_publisher_fetcher.cc(95)] Error saving server publisher info record
[Sep 27, 2021, 5:48:20.0 PM:ERROR:publisher.cc(774)] Publisher info not found
[Sep 27, 2021, 5:48:20.0 PM:ERROR:publisher.cc(774)] Publisher info not found
[Sep 27, 2021, 5:48:20.0 PM:ERROR:publisher.cc(436)] Publisher info was not saved!
[Sep 27, 2021, 5:48:20.0 PM:ERROR:publisher.cc(436)] Publisher info was not saved!
[Sep 27, 2021, 5:48:23.0 PM:ERROR:server_publisher_fetcher.cc(95)] Error saving server publisher info record
[Sep 27, 2021, 5:48:23.0 PM:ERROR:publisher.cc(774)] Publisher info not found
[Sep 27, 2021, 5:48:23.0 PM:ERROR:publisher.cc(774)] Publisher info not found
[Sep 27, 2021, 5:48:23.0 PM:ERROR:publisher.cc(436)] Publisher info was not saved!
[Sep 27, 2021, 5:48:23.0 PM:ERROR:publisher.cc(436)] Publisher info was not saved!
[Sep 27, 2021, 5:48:30.9 PM:ERROR:server_publisher_fetcher.cc(95)] Error saving server publisher info record
[Sep 27, 2021, 5:48:30.9 PM:ERROR:publisher.cc(774)] Publisher info not found
[Sep 27, 2021, 5:48:30.9 PM:ERROR:publisher.cc(774)] Publisher info not found
[Sep 27, 2021, 5:48:30.9 PM:ERROR:publisher.cc(436)] Publisher info was not saved!
[Sep 27, 2021, 5:48:30.9 PM:ERROR:publisher.cc(436)] Publisher info was not saved!
[Sep 27, 2021, 5:48:31.3 PM:ERROR:server_publisher_fetcher.cc(95)] Error saving server publisher info record
[Sep 27, 2021, 5:48:31.3 PM:ERROR:publisher.cc(774)] Publisher info not found
[Sep 27, 2021, 5:48:31.3 PM:ERROR:publisher.cc(774)] Publisher info not found
[Sep 27, 2021, 5:48:31.3 PM:ERROR:publisher.cc(436)] Publisher info was not saved!
[Sep 27, 2021, 5:48:31.3 PM:ERROR:publisher.cc(436)] Publisher info was not saved!
[Sep 27, 2021, 5:48:33.2 PM:ERROR:server_publisher_fetcher.cc(95)] Error saving server publisher info record
[Sep 27, 2021, 5:48:33.2 PM:ERROR:publisher.cc(774)] Publisher info not found
[Sep 27, 2021, 5:48:33.2 PM:ERROR:publisher.cc(774)] Publisher info not found
[Sep 27, 2021, 5:48:33.2 PM:ERROR:publisher.cc(436)] Publisher info was not saved!
[Sep 27, 2021, 5:48:33.2 PM:ERROR:publisher.cc(436)] Publisher info was not saved!
[Sep 27, 2021, 5:48:44.2 PM:ERROR:server_publisher_fetcher.cc(95)] Error saving server publisher info record
[Sep 27, 2021, 5:48:44.2 PM:ERROR:publisher.cc(774)] Publisher info not found
[Sep 27, 2021, 5:48:44.2 PM:ERROR:publisher.cc(774)] Publisher info not found
[Sep 27, 2021, 5:48:44.2 PM:ERROR:publisher.cc(436)] Publisher info was not saved!
[Sep 27, 2021, 5:48:44.2 PM:ERROR:publisher.cc(436)] Publisher info was not saved!
[Sep 27, 2021, 5:48:47.3 PM:ERROR:server_publisher_fetcher.cc(95)] Error saving server publisher info record
[Sep 27, 2021, 5:48:47.3 PM:ERROR:publisher.cc(774)] Publisher info not found
[Sep 27, 2021, 5:48:47.3 PM:ERROR:publisher.cc(774)] Publisher info not found
[Sep 27, 2021, 5:48:47.3 PM:ERROR:publisher.cc(436)] Publisher info was not saved!
[Sep 27, 2021, 5:48:47.3 PM:ERROR:publisher.cc(436)] Publisher info was not saved!
[Sep 27, 2021, 5:48:53.5 PM:ERROR:server_publisher_fetcher.cc(95)] Error saving server publisher info record
[Sep 27, 2021, 5:48:53.5 PM:ERROR:publisher.cc(774)] Publisher info not found
[Sep 27, 2021, 5:48:53.5 PM:ERROR:publisher.cc(774)] Publisher info not found
[Sep 27, 2021, 5:48:53.5 PM:ERROR:publisher.cc(436)] Publisher info was not saved!
[Sep 27, 2021, 5:48:53.5 PM:ERROR:publisher.cc(436)] Publisher info was not saved!
[Sep 27, 2021, 5:48:55.7 PM:ERROR:server_publisher_fetcher.cc(95)] Error saving server publisher info record
[Sep 27, 2021, 5:48:55.7 PM:ERROR:publisher.cc(774)] Publisher info not found
[Sep 27, 2021, 5:48:55.7 PM:ERROR:publisher.cc(774)] Publisher info not found
[Sep 27, 2021, 5:48:55.7 PM:ERROR:publisher.cc(436)] Publisher info was not saved!
[Sep 27, 2021, 5:48:55.7 PM:ERROR:publisher.cc(436)] Publisher info was not saved!
[Sep 27, 2021, 5:50:33.9 PM:ERROR:server_publisher_fetcher.cc(95)] Error saving server publisher info record
[Sep 27, 2021, 5:50:33.9 PM:ERROR:publisher.cc(774)] Publisher info not found
[Sep 27, 2021, 5:50:33.9 PM:ERROR:publisher.cc(774)] Publisher info not found
[Sep 27, 2021, 5:50:33.9 PM:ERROR:publisher.cc(436)] Publisher info was not saved!
[Sep 27, 2021, 5:50:33.9 PM:ERROR:publisher.cc(436)] Publisher info was not saved!
[Sep 27, 2021, 5:50:38.2 PM:ERROR:server_publisher_fetcher.cc(95)] Error saving server publisher info record
[Sep 27, 2021, 5:50:38.2 PM:ERROR:publisher.cc(774)] Publisher info not found
[Sep 27, 2021, 5:50:38.2 PM:ERROR:publisher.cc(774)] Publisher info not found
[Sep 27, 2021, 5:50:38.2 PM:ERROR:publisher.cc(436)] Publisher info was not saved!
[Sep 27, 2021, 5:50:38.2 PM:ERROR:publisher.cc(436)] Publisher info was not saved!
[Sep 27, 2021, 5:51:31.5 PM:ERROR:server_publisher_fetcher.cc(95)] Error saving server publisher info record
[Sep 27, 2021, 5:51:31.5 PM:ERROR:publisher.cc(774)] Publisher info not found
[Sep 27, 2021, 5:51:31.5 PM:ERROR:publisher.cc(774)] Publisher info not found
[Sep 27, 2021, 5:51:31.5 PM:ERROR:publisher.cc(436)] Publisher info was not saved!
[Sep 27, 2021, 5:51:31.5 PM:ERROR:publisher.cc(436)] Publisher info was not saved!
[Sep 27, 2021, 5:51:35.0 PM:ERROR:server_publisher_fetcher.cc(95)] Error saving server publisher info record
[Sep 27, 2021, 5:51:35.0 PM:ERROR:publisher.cc(774)] Publisher info not found
[Sep 27, 2021, 5:51:35.0 PM:ERROR:publisher.cc(774)] Publisher info not found
[Sep 27, 2021, 5:51:35.0 PM:ERROR:publisher.cc(436)] Publisher info was not saved!
[Sep 27, 2021, 5:51:35.0 PM:ERROR:publisher.cc(436)] Publisher info was not saved!
[Sep 27, 2021, 5:51:37.1 PM:ERROR:server_publisher_fetcher.cc(95)] Error saving server publisher info record
[Sep 27, 2021, 5:51:37.1 PM:ERROR:publisher.cc(774)] Publisher info not found
[Sep 27, 2021, 5:51:37.1 PM:ERROR:publisher.cc(774)] Publisher info not found
[Sep 27, 2021, 5:51:37.1 PM:ERROR:publisher.cc(436)] Publisher info was not saved!
[Sep 27, 2021, 5:51:37.1 PM:ERROR:publisher.cc(436)] Publisher info was not saved!
[Sep 27, 2021, 5:52:26.8 PM:ERROR:server_publisher_fetcher.cc(95)] Error saving server publisher info record
[Sep 27, 2021, 5:52:26.8 PM:ERROR:publisher.cc(774)] Publisher info not found
[Sep 27, 2021, 5:52:26.8 PM:ERROR:publisher.cc(436)] Publisher info was not saved!
[Sep 27, 2021, 5:52:33.3 PM:ERROR:server_publisher_fetcher.cc(95)] Error saving server publisher info record
[Sep 27, 2021, 5:52:33.3 PM:ERROR:publisher.cc(774)] Publisher info not found
[Sep 27, 2021, 5:52:33.3 PM:ERROR:publisher.cc(436)] Publisher info was not saved!
[Sep 27, 2021, 5:52:34.7 PM:ERROR:server_publisher_fetcher.cc(95)] Error saving server publisher info record
[Sep 27, 2021, 5:52:34.7 PM:ERROR:publisher.cc(774)] Publisher info not found
[Sep 27, 2021, 5:52:34.7 PM:ERROR:publisher.cc(436)] Publisher info was not saved!
[Sep 27, 2021, 5:52:55.6 PM:ERROR:server_publisher_fetcher.cc(95)] Error saving server publisher info record
[Sep 27, 2021, 5:52:55.6 PM:ERROR:publisher.cc(774)] Publisher info not found
[Sep 27, 2021, 5:52:55.6 PM:ERROR:publisher.cc(436)] Publisher info was not saved!
[Sep 27, 2021, 5:53:02.4 PM:ERROR:publisher.cc(436)] Publisher info was not saved!
[Sep 27, 2021, 5:53:02.4 PM:ERROR:publisher.cc(436)] Publisher info was not saved!
[Sep 27, 2021, 5:53:56.7 PM:ERROR:publisher.cc(436)] Publisher info was not saved!
[Sep 27, 2021, 5:55:10.2 PM:ERROR:publisher.cc(436)] Publisher info was not saved!
[Sep 27, 2021, 5:55:29.3 PM:ERROR:publisher.cc(436)] Publisher info was not saved!
[Sep 27, 2021, 5:55:58.9 PM:ERROR:server_publisher_fetcher.cc(95)] Error saving server publisher info record
[Sep 27, 2021, 5:55:58.9 PM:ERROR:publisher.cc(774)] Publisher info not found
[Sep 27, 2021, 5:55:58.9 PM:ERROR:publisher.cc(436)] Publisher info was not saved!
[Sep 27, 2021, 5:56:05.5 PM:ERROR:server_publisher_fetcher.cc(95)] Error saving server publisher info record
[Sep 27, 2021, 5:56:05.5 PM:ERROR:publisher.cc(774)] Publisher info not found
[Sep 27, 2021, 5:56:05.5 PM:ERROR:publisher.cc(774)] Publisher info not found
[Sep 27, 2021, 5:56:05.5 PM:ERROR:publisher.cc(436)] Publisher info was not saved!
[Sep 27, 2021, 5:56:05.5 PM:ERROR:publisher.cc(436)] Publisher info was not saved!
[Sep 27, 2021, 5:56:12.2 PM:ERROR:server_publisher_fetcher.cc(95)] Error saving server publisher info record
[Sep 27, 2021, 5:56:12.2 PM:ERROR:publisher.cc(774)] Publisher info not found
[Sep 27, 2021, 5:56:12.2 PM:ERROR:publisher.cc(774)] Publisher info not found
[Sep 27, 2021, 5:56:12.2 PM:ERROR:publisher.cc(436)] Publisher info was not saved!
[Sep 27, 2021, 5:56:12.2 PM:ERROR:publisher.cc(436)] Publisher info was not saved!
[Sep 27, 2021, 5:56:14.8 PM:ERROR:server_publisher_fetcher.cc(95)] Error saving server publisher info record
[Sep 27, 2021, 5:56:14.8 PM:ERROR:publisher.cc(774)] Publisher info not found
[Sep 27, 2021, 5:56:14.8 PM:ERROR:publisher.cc(774)] Publisher info not found
[Sep 27, 2021, 5:56:14.8 PM:ERROR:publisher.cc(436)] Publisher info was not saved!
[Sep 27, 2021, 5:56:14.8 PM:ERROR:publisher.cc(436)] Publisher info was not saved!
[Sep 27, 2021, 5:56:16.4 PM:ERROR:server_publisher_fetcher.cc(95)] Error saving server publisher info record
[Sep 27, 2021, 5:56:16.4 PM:ERROR:publisher.cc(774)] Publisher info not found
[Sep 27, 2021, 5:56:16.4 PM:ERROR:publisher.cc(774)] Publisher info not found
[Sep 27, 2021, 5:56:16.4 PM:ERROR:publisher.cc(436)] Publisher info was not saved!
[Sep 27, 2021, 5:56:16.4 PM:ERROR:publisher.cc(436)] Publisher info was not saved!
[Sep 27, 2021, 5:56:18.0 PM:ERROR:server_publisher_fetcher.cc(95)] Error saving server publisher info record
[Sep 27, 2021, 5:56:18.0 PM:ERROR:publisher.cc(774)] Publisher info not found
[Sep 27, 2021, 5:56:18.0 PM:ERROR:publisher.cc(774)] Publisher info not found
[Sep 27, 2021, 5:56:18.0 PM:ERROR:publisher.cc(436)] Publisher info was not saved!
[Sep 27, 2021, 5:56:18.0 PM:ERROR:publisher.cc(436)] Publisher info was not saved!
[Sep 27, 2021, 5:56:19.8 PM:ERROR:server_publisher_fetcher.cc(95)] Error saving server publisher info record
[Sep 27, 2021, 5:56:19.8 PM:ERROR:publisher.cc(774)] Publisher info not found
[Sep 27, 2021, 5:56:19.8 PM:ERROR:publisher.cc(774)] Publisher info not found
[Sep 27, 2021, 5:56:19.8 PM:ERROR:publisher.cc(436)] Publisher info was not saved!
[Sep 27, 2021, 5:56:19.8 PM:ERROR:publisher.cc(436)] Publisher info was not saved!
[Sep 27, 2021, 5:56:32.2 PM:ERROR:server_publisher_fetcher.cc(95)] Error saving server publisher info record
[Sep 27, 2021, 5:56:32.2 PM:ERROR:publisher.cc(774)] Publisher info not found
[Sep 27, 2021, 5:56:32.2 PM:ERROR:publisher.cc(774)] Publisher info not found
[Sep 27, 2021, 5:56:32.2 PM:ERROR:publisher.cc(436)] Publisher info was not saved!
[Sep 27, 2021, 5:56:32.2 PM:ERROR:publisher.cc(436)] Publisher info was not saved!
[Sep 27, 2021, 5:56:34.6 PM:ERROR:server_publisher_fetcher.cc(95)] Error saving server publisher info record
[Sep 27, 2021, 5:56:34.6 PM:ERROR:publisher.cc(774)] Publisher info not found
[Sep 27, 2021, 5:56:34.6 PM:ERROR:publisher.cc(774)] Publisher info not found
[Sep 27, 2021, 5:56:34.6 PM:ERROR:publisher.cc(436)] Publisher info was not saved!
[Sep 27, 2021, 5:56:34.6 PM:ERROR:publisher.cc(436)] Publisher info was not saved!
[Sep 27, 2021, 5:56:37.6 PM:ERROR:server_publisher_fetcher.cc(95)] Error saving server publisher info record
[Sep 27, 2021, 5:56:37.6 PM:ERROR:publisher.cc(774)] Publisher info not found
[Sep 27, 2021, 5:56:37.6 PM:ERROR:publisher.cc(774)] Publisher info not found
[Sep 27, 2021, 5:56:37.7 PM:ERROR:publisher.cc(436)] Publisher info was not saved!
[Sep 27, 2021, 5:56:37.7 PM:ERROR:publisher.cc(436)] Publisher info was not saved!
[Sep 27, 2021, 5:56:39.6 PM:ERROR:server_publisher_fetcher.cc(95)] Error saving server publisher info record
[Sep 27, 2021, 5:56:39.6 PM:ERROR:publisher.cc(774)] Publisher info not found
[Sep 27, 2021, 5:56:39.6 PM:ERROR:publisher.cc(774)] Publisher info not found
[Sep 27, 2021, 5:56:39.6 PM:ERROR:publisher.cc(436)] Publisher info was not saved!
[Sep 27, 2021, 5:56:39.6 PM:ERROR:publisher.cc(436)] Publisher info was not saved!
[Sep 27, 2021, 5:56:42.8 PM:ERROR:server_publisher_fetcher.cc(95)] Error saving server publisher info record
[Sep 27, 2021, 5:56:42.8 PM:ERROR:publisher.cc(774)] Publisher info not found
[Sep 27, 2021, 5:56:42.8 PM:ERROR:publisher.cc(774)] Publisher info not found
[Sep 27, 2021, 5:56:42.8 PM:ERROR:publisher.cc(436)] Publisher info was not saved!
[Sep 27, 2021, 5:56:42.8 PM:ERROR:publisher.cc(436)] Publisher info was not saved!
[Sep 27, 2021, 5:56:44.9 PM:ERROR:server_publisher_fetcher.cc(95)] Error saving server publisher info record
[Sep 27, 2021, 5:56:44.9 PM:ERROR:publisher.cc(774)] Publisher info not found
[Sep 27, 2021, 5:56:44.9 PM:ERROR:publisher.cc(774)] Publisher info not found
[Sep 27, 2021, 5:56:44.9 PM:ERROR:publisher.cc(436)] Publisher info was not saved!
[Sep 27, 2021, 5:56:44.9 PM:ERROR:publisher.cc(436)] Publisher info was not saved!
[Sep 27, 2021, 5:56:57.6 PM:ERROR:server_publisher_fetcher.cc(95)] Error saving server publisher info record
[Sep 27, 2021, 5:56:57.6 PM:ERROR:publisher.cc(774)] Publisher info not found
[Sep 27, 2021, 5:56:57.6 PM:ERROR:publisher.cc(774)] Publisher info not found
[Sep 27, 2021, 5:56:57.6 PM:ERROR:publisher.cc(436)] Publisher info was not saved!
[Sep 27, 2021, 5:56:57.6 PM:ERROR:publisher.cc(436)] Publisher info was not saved!
[Sep 27, 2021, 5:57:02.2 PM:ERROR:server_publisher_fetcher.cc(95)] Error saving server publisher info record
[Sep 27, 2021, 5:57:02.2 PM:ERROR:publisher.cc(774)] Publisher info not found
[Sep 27, 2021, 5:57:02.2 PM:ERROR:publisher.cc(774)] Publisher info not found
[Sep 27, 2021, 5:57:02.2 PM:ERROR:publisher.cc(436)] Publisher info was not saved!
[Sep 27, 2021, 5:57:02.2 PM:ERROR:publisher.cc(436)] Publisher info was not saved!
[Sep 27, 2021, 5:57:33.4 PM:ERROR:server_publisher_fetcher.cc(95)] Error saving server publisher info record
[Sep 27, 2021, 5:57:33.4 PM:ERROR:publisher.cc(774)] Publisher info not found
[Sep 27, 2021, 5:57:33.4 PM:ERROR:publisher.cc(774)] Publisher info not found
[Sep 27, 2021, 5:57:33.4 PM:ERROR:publisher.cc(436)] Publisher info was not saved!
[Sep 27, 2021, 5:57:33.4 PM:ERROR:publisher.cc(436)] Publisher info was not saved!
[Sep 27, 2021, 5:57:36.3 PM:ERROR:server_publisher_fetcher.cc(95)] Error saving server publisher info record
[Sep 27, 2021, 5:57:36.3 PM:ERROR:publisher.cc(774)] Publisher info not found
[Sep 27, 2021, 5:57:36.3 PM:ERROR:publisher.cc(774)] Publisher info not found
[Sep 27, 2021, 5:57:36.3 PM:ERROR:publisher.cc(436)] Publisher info was not saved!
[Sep 27, 2021, 5:57:36.3 PM:ERROR:publisher.cc(436)] Publisher info was not saved!
[Sep 27, 2021, 5:57:41.8 PM:ERROR:server_publisher_fetcher.cc(95)] Error saving server publisher info record
[Sep 27, 2021, 5:57:41.8 PM:ERROR:publisher.cc(774)] Publisher info not found
[Sep 27, 2021, 5:57:41.8 PM:ERROR:publisher.cc(774)] Publisher info not found
[Sep 27, 2021, 5:57:41.8 PM:ERROR:publisher.cc(436)] Publisher info was not saved!
[Sep 27, 2021, 5:57:41.8 PM:ERROR:publisher.cc(436)] Publisher info was not saved!
[Sep 27, 2021, 6:00:26.8 PM:ERROR:publisher.cc(436)] Publisher info was not saved!
[Sep 27, 2021, 6:00:29.5 PM:ERROR:publisher.cc(436)] Publisher info was not saved!
[Sep 27, 2021, 6:00:51.6 PM:ERROR:publisher.cc(436)] Publisher info was not saved!
[Sep 27, 2021, 6:02:13.4 PM:ERROR:publisher.cc(436)] Publisher info was not saved!
[Sep 27, 2021, 6:03:51.4 PM:ERROR:publisher.cc(436)] Publisher info was not saved!
[Sep 27, 2021, 6:04:01.9 PM:ERROR:publisher.cc(436)] Publisher info was not saved!
[Sep 27, 2021, 6:04:01.9 PM:ERROR:publisher.cc(436)] Publisher info was not saved!
[Sep 27, 2021, 6:04:01.9 PM:ERROR:publisher.cc(436)] Publisher info was not saved!
[Sep 27, 2021, 6:04:01.9 PM:ERROR:publisher.cc(436)] Publisher info was not saved!
[Sep 27, 2021, 6:06:10.9 PM:ERROR:publisher.cc(436)] Publisher info was not saved!
[Sep 27, 2021, 6:06:15.3 PM:ERROR:publisher.cc(436)] Publisher info was not saved!
[Sep 27, 2021, 6:06:34.8 PM:ERROR:publisher.cc(436)] Publisher info was not saved!
[Sep 27, 2021, 6:12:07.2 PM:ERROR:publisher.cc(436)] Publisher info was not saved!
[Sep 27, 2021, 6:12:55.9 PM:ERROR:publisher.cc(436)] Publisher info was not saved!
[Sep 27, 2021, 6:13:26.0 PM:ERROR:publisher.cc(436)] Publisher info was not saved!
[Sep 27, 2021, 6:13:28.5 PM:ERROR:publisher.cc(436)] Publisher info was not saved!
[Sep 27, 2021, 6:13:38.9 PM:ERROR:publisher.cc(436)] Publisher info was not saved!
[Sep 27, 2021, 6:13:48.7 PM:ERROR:publisher.cc(436)] Publisher info was not saved!
[Sep 27, 2021, 6:14:03.1 PM:ERROR:publisher.cc(436)] Publisher info was not saved!
[Sep 27, 2021, 6:14:23.6 PM:ERROR:server_publisher_fetcher.cc(95)] Error saving server publisher info record
[Sep 27, 2021, 6:14:23.7 PM:ERROR:publisher.cc(774)] Publisher info not found
[Sep 27, 2021, 6:14:23.7 PM:ERROR:publisher.cc(774)] Publisher info not found
[Sep 27, 2021, 6:14:23.7 PM:ERROR:publisher.cc(436)] Publisher info was not saved!
[Sep 27, 2021, 6:14:23.7 PM:ERROR:publisher.cc(436)] Publisher info was not saved!
--------------------------------------------------------------------------------
[Sep 27, 2021, 6:34:07.7 PM:ERROR:state.cc(393)] Decryption failed for wallets.uphold
[Sep 27, 2021, 6:34:07.7 PM:ERROR:state.cc(393)] Decryption failed for wallets.brave
[Sep 27, 2021, 6:34:37.7 PM:ERROR:state.cc(393)] Decryption failed for wallets.brave
[Sep 27, 2021, 6:50:50.2 PM:ERROR:state.cc(393)] Decryption failed for wallets.brave
[Sep 27, 2021, 6:50:50.2 PM:ERROR:state.cc(393)] Decryption failed for wallets.uphold
[Sep 27, 2021, 6:50:54.4 PM:ERROR:state.cc(393)] Decryption failed for wallets.uphold
[Sep 27, 2021, 6:51:02.6 PM:ERROR:publisher.cc(774)] Publisher info not found
[Sep 27, 2021, 7:03:38.3 PM:ERROR:state.cc(393)] Decryption failed for wallets.brave
[Sep 27, 2021, 7:03:38.3 PM:ERROR:state.cc(393)] Decryption failed for wallets.uphold
[Sep 27, 2021, 7:03:59.0 PM:ERROR:state.cc(393)] Decryption failed for wallets.uphold
[Sep 27, 2021, 7:09:03.5 PM:ERROR:state.cc(393)] Decryption failed for wallets.uphold
[Sep 27, 2021, 7:09:10.8 PM:ERROR:publisher.cc(774)] Publisher info not found
[Sep 27, 2021, 7:09:10.8 PM:ERROR:publisher.cc(774)] Publisher info not found
[Sep 27, 2021, 7:16:16.9 PM:ERROR:state.cc(393)] Decryption failed for wallets.brave
[Sep 27, 2021, 7:16:16.9 PM:ERROR:state.cc(393)] Decryption failed for wallets.uphold
[Sep 27, 2021, 7:41:48.6 PM:ERROR:state.cc(393)] Decryption failed for wallets.brave
[Sep 27, 2021, 7:41:48.6 PM:ERROR:state.cc(393)] Decryption failed for wallets.uphold
[Sep 27, 2021, 7:43:32.1 PM:ERROR:state.cc(393)] Decryption failed for wallets.uphold
[Sep 27, 2021, 8:28:55.6 PM:ERROR:state.cc(393)] Decryption failed for wallets.brave
[Sep 27, 2021, 8:28:55.6 PM:ERROR:state.cc(393)] Decryption failed for wallets.uphold
