[Info  - 00:41:27.639] Reading sessions from keychain...
[Info  - 00:41:27.645] Getting sessions for all scopes...
[Info  - 00:41:27.649] Getting sessions for all scopes...
[Info  - 00:41:27.663] Got 0 sessions for all scopes...
[Info  - 00:41:27.663] Got 0 sessions for all scopes...
[Info  - 00:43:24.45] Getting sessions for all scopes...
[Info  - 00:43:24.46] Got 0 sessions for all scopes...
[Info  - 00:43:29.798] Getting sessions for all scopes...
[Info  - 00:43:29.799] Got 0 sessions for all scopes...
[Info  - 00:43:31.628] Logging in for the following scopes: user:email
[Trace  - 00:43:39.949] Handling Uri...
[Info  - 00:43:39.950] Exchanging code for token...
[Info  - 00:43:40.403] Token exchange success!
[Info  - 00:43:40.405] Getting user info...
[Info  - 00:43:40.790] Got account info!
[Info  - 00:43:40.791] Storing 1 sessions...
[Error  - 00:44:13.731] Setting token failed: Error: The authorization was canceled by the user.
[Info  - 00:44:16.443] Stored 1 sessions!
[Info  - 00:44:16.444] Login success!
[Info  - 00:44:16.446] Getting sessions for all scopes...
[Info  - 00:44:16.446] Getting sessions for all scopes...
[Info  - 00:44:16.447] Got 1 sessions for all scopes...
[Info  - 00:44:16.447] Got 1 sessions for all scopes...
[Info  - 00:44:17.916] Getting sessions for all scopes...
[Info  - 00:44:17.916] Got 1 sessions for all scopes...
