[2021-09-27 19:45:13.105] [exthost] [info] extension host started
[2021-09-27 19:45:13.125] [exthost] [info] ExtensionService#_doActivateExtension vscode.microsoft-authentication {"startup":false,"extensionId":{"value":"vscode.microsoft-authentication","_lower":"vscode.microsoft-authentication"},"activationEvent":"onAuthenticationRequest:microsoft"}
[2021-09-27 19:45:13.125] [exthost] [info] ExtensionService#loadCommonJSModule file:///Applications/Visual Studio Code 5.04.49 PM.app/Contents/Resources/app/extensions/microsoft-authentication/dist/extension.js
[2021-09-27 19:45:13.132] [exthost] [info] ExtensionService#_doActivateExtension vscode.debug-auto-launch {"startup":true,"extensionId":{"value":"vscode.debug-auto-launch","_lower":"vscode.debug-auto-launch"},"activationEvent":"*"}
[2021-09-27 19:45:13.132] [exthost] [info] ExtensionService#loadCommonJSModule file:///Applications/Visual Studio Code 5.04.49 PM.app/Contents/Resources/app/extensions/debug-auto-launch/dist/extension
[2021-09-27 19:45:13.134] [exthost] [info] ExtensionService#_doActivateExtension vscode.git {"startup":true,"extensionId":{"value":"vscode.github","_lower":"vscode.github"},"activationEvent":"*"}
[2021-09-27 19:45:13.134] [exthost] [info] ExtensionService#loadCommonJSModule file:///Applications/Visual Studio Code 5.04.49 PM.app/Contents/Resources/app/extensions/git/dist/main
[2021-09-27 19:45:13.143] [exthost] [info] ExtensionService#_doActivateExtension CoenraadS.bracket-pair-colorizer {"startup":true,"extensionId":{"value":"CoenraadS.bracket-pair-colorizer","_lower":"coenraads.bracket-pair-colorizer"},"activationEvent":"*"}
[2021-09-27 19:45:13.143] [exthost] [info] ExtensionService#loadCommonJSModule file:///Users/Chase/.vscode/extensions/coenraads.bracket-pair-colorizer-1.0.61/out/src/extension
[2021-09-27 19:45:13.157] [exthost] [info] ExtensionService#_doActivateExtension ecmel.vscode-html-css {"startup":true,"extensionId":{"value":"ecmel.vscode-html-css","_lower":"ecmel.vscode-html-css"},"activationEvent":"*"}
[2021-09-27 19:45:13.157] [exthost] [info] ExtensionService#loadCommonJSModule file:///Users/Chase/.vscode/extensions/ecmel.vscode-html-css-1.10.2/dist/extension.js
[2021-09-27 19:45:13.170] [exthost] [info] ExtensionService#_doActivateExtension formulahendry.auto-rename-tag {"startup":true,"extensionId":{"value":"formulahendry.auto-rename-tag","_lower":"formulahendry.auto-rename-tag"},"activationEvent":"*"}
[2021-09-27 19:45:13.178] [exthost] [info] ExtensionService#loadCommonJSModule file:///Users/Chase/.vscode/extensions/formulahendry.auto-rename-tag-0.1.8/packages/extension/dist/extensionMain.js
[2021-09-27 19:45:13.189] [exthost] [info] ExtensionService#_doActivateExtension ms-vscode.sublime-keybindings {"startup":true,"extensionId":{"value":"ms-vscode.sublime-keybindings","_lower":"ms-vscode.sublime-keybindings"},"activationEvent":"*"}
[2021-09-27 19:45:13.189] [exthost] [info] ExtensionService#loadCommonJSModule file:///Users/Chase/.vscode/extensions/ms-vscode.sublime-keybindings-4.0.10/dist/extension.js
[2021-09-27 19:45:13.191] [exthost] [info] ExtensionService#_doActivateExtension ritwickdey.LiveServer {"startup":true,"extensionId":{"value":"ritwickdey.LiveServer","_lower":"ritwickdey.liveserver"},"activationEvent":"*"}
[2021-09-27 19:45:13.191] [exthost] [info] ExtensionService#loadCommonJSModule file:///Users/Chase/.vscode/extensions/ritwickdey.liveserver-5.6.1/out/src/extension
[2021-09-27 19:45:13.462] [exthost] [info] ExtensionService#_doActivateExtension shyykoserhiy.vscode-spotify {"startup":true,"extensionId":{"value":"shyykoserhiy.vscode-spotify","_lower":"shyykoserhiy.vscode-spotify"},"activationEvent":"*"}
[2021-09-27 19:45:13.462] [exthost] [info] ExtensionService#loadCommonJSModule file:///Users/Chase/.vscode/extensions/shyykoserhiy.vscode-spotify-3.2.1/out/extension.js
[2021-09-27 19:45:13.685] [exthost] [info] ExtensionService#_doActivateExtension vscodevim.vim {"startup":true,"extensionId":{"value":"vscodevim.vim","_lower":"vscodevim.vim"},"activationEvent":"*"}
[2021-09-27 19:45:13.685] [exthost] [info] ExtensionService#loadCommonJSModule file:///Users/Chase/.vscode/extensions/vscodevim.vim-1.21.7/out/extension
[2021-09-27 19:45:13.801] [exthost] [info] ExtensionService#_doActivateExtension ms-vscode.js-debug {"startup":false,"extensionId":{"value":"ms-vscode.js-debug","_lower":"ms-vscode.js-debug"},"activationEvent":"onCommand:extension.js-debug.clearAutoAttachVariables"}
[2021-09-27 19:45:13.801] [exthost] [info] ExtensionService#loadCommonJSModule file:///Applications/Visual Studio Code 5.04.49 PM.app/Contents/Resources/app/extensions/ms-vscode.js-debug/src/extension.js
[2021-09-27 19:45:13.879] [exthost] [info] ExtensionService#_doActivateExtension vscode.github-authentication {"startup":false,"extensionId":{"value":"vscode.github-authentication","_lower":"vscode.github-authentication"},"activationEvent":"onAuthenticationRequest:github"}
[2021-09-27 19:45:13.879] [exthost] [info] ExtensionService#loadCommonJSModule file:///Applications/Visual Studio Code 5.04.49 PM.app/Contents/Resources/app/extensions/github-authentication/dist/extension.js
[2021-09-27 19:45:13.900] [exthost] [info] ExtensionService#_doActivateExtension vscode.github {"startup":true,"extensionId":{"value":"vscode.github","_lower":"vscode.github"},"activationEvent":"*"}
[2021-09-27 19:45:13.900] [exthost] [info] ExtensionService#loadCommonJSModule file:///Applications/Visual Studio Code 5.04.49 PM.app/Contents/Resources/app/extensions/github/dist/extension.js
[2021-09-27 19:45:13.904] [exthost] [info] eager extensions activated
[2021-09-27 19:45:13.905] [exthost] [info] ExtensionService#_doActivateExtension vscode.emmet {"startup":false,"extensionId":{"value":"vscode.emmet","_lower":"vscode.emmet"},"activationEvent":"onStartupFinished"}
[2021-09-27 19:45:13.905] [exthost] [info] ExtensionService#loadCommonJSModule file:///Applications/Visual Studio Code 5.04.49 PM.app/Contents/Resources/app/extensions/emmet/dist/node/emmetNodeMain
[2021-09-27 19:45:13.909] [exthost] [info] ExtensionService#_doActivateExtension vscode.merge-conflict {"startup":false,"extensionId":{"value":"vscode.merge-conflict","_lower":"vscode.merge-conflict"},"activationEvent":"onStartupFinished"}
[2021-09-27 19:45:13.909] [exthost] [info] ExtensionService#loadCommonJSModule file:///Applications/Visual Studio Code 5.04.49 PM.app/Contents/Resources/app/extensions/merge-conflict/dist/mergeConflictMain
[2021-09-27 19:45:13.911] [exthost] [info] ExtensionService#_doActivateExtension dbaeumer.vscode-eslint {"startup":false,"extensionId":{"value":"dbaeumer.vscode-eslint","_lower":"dbaeumer.vscode-eslint"},"activationEvent":"onStartupFinished"}
[2021-09-27 19:45:13.911] [exthost] [info] ExtensionService#loadCommonJSModule file:///Users/Chase/.vscode/extensions/dbaeumer.vscode-eslint-2.1.25/client/out/extension
[2021-09-27 19:45:13.929] [exthost] [info] ExtensionService#_doActivateExtension esbenp.prettier-vscode {"startup":false,"extensionId":{"value":"esbenp.prettier-vscode","_lower":"esbenp.prettier-vscode"},"activationEvent":"onStartupFinished"}
[2021-09-27 19:45:13.929] [exthost] [info] ExtensionService#loadCommonJSModule file:///Users/Chase/.vscode/extensions/esbenp.prettier-vscode-9.0.0/dist/extension
[2021-09-27 19:45:18.185] [exthost] [info] extension host terminating: renderer closed the socket
[2021-09-27 19:45:18.190] [exthost] [error] Error: ENOENT: no such file or directory, open '/Users/Chase/Library/Application Support/Code/User/globalStorage/vscodevim.vim/.registers'
[2021-09-27 19:45:18.193] [exthost] [error] ProxyResolver#resolveProxy Canceled: Canceled
    at Object.n [as canceled] (/Applications/Visual Studio Code 5.04.49 PM.app/Contents/Resources/app/out/vs/workbench/services/extensions/node/extensionHostProcess.js:5:1157)
    at i._remoteCall (/Applications/Visual Studio Code 5.04.49 PM.app/Contents/Resources/app/out/vs/workbench/services/extensions/node/extensionHostProcess.js:98:13617)
    at Proxy.N.<computed>.G.charCodeAt.N.<computed> (/Applications/Visual Studio Code 5.04.49 PM.app/Contents/Resources/app/out/vs/workbench/services/extensions/node/extensionHostProcess.js:98:10012)
    at y.resolveProxy (/Applications/Visual Studio Code 5.04.49 PM.app/Contents/Resources/app/out/vs/workbench/services/extensions/node/extensionHostProcess.js:98:38938)
    at Object.resolveProxy (/Applications/Visual Studio Code 5.04.49 PM.app/Contents/Resources/app/out/vs/workbench/services/extensions/node/extensionHostProcess.js:103:57892)
    at useProxySettings (/Applications/Visual Studio Code 5.04.49 PM.app/Contents/Resources/app/node_modules.asar/vscode-proxy-agent/out/index.js:159:16)
    at /Applications/Visual Studio Code 5.04.49 PM.app/Contents/Resources/app/node_modules.asar/vscode-proxy-agent/out/index.js:107:13
    at /Applications/Visual Studio Code 5.04.49 PM.app/Contents/Resources/app/node_modules.asar/vscode-proxy-agent/out/index.js:335:13
    at processTicksAndRejections (internal/process/task_queues.js:93:5) 
[2021-09-27 19:45:19.191] [exthost] [info] exiting with code 0
[2021-09-27 19:45:19.228] [exthost] [info] extension host started
[2021-09-27 19:45:19.228] [exthost] [info] Skipping acquiring lock for /Users/Chase/Library/Application Support/Code/User/workspaceStorage/15e6f90a4036f768c982fac73bea0cc9.
[2021-09-27 19:45:19.248] [exthost] [info] ExtensionService#_doActivateExtension vscode.microsoft-authentication {"startup":false,"extensionId":{"value":"vscode.microsoft-authentication","_lower":"vscode.microsoft-authentication"},"activationEvent":"onAuthenticationRequest:microsoft"}
[2021-09-27 19:45:19.248] [exthost] [info] ExtensionService#loadCommonJSModule file:///Applications/Visual Studio Code 5.04.49 PM.app/Contents/Resources/app/extensions/microsoft-authentication/dist/extension.js
[2021-09-27 19:45:19.254] [exthost] [info] ExtensionService#_doActivateExtension vscode.debug-auto-launch {"startup":true,"extensionId":{"value":"vscode.debug-auto-launch","_lower":"vscode.debug-auto-launch"},"activationEvent":"*"}
[2021-09-27 19:45:19.255] [exthost] [info] ExtensionService#loadCommonJSModule file:///Applications/Visual Studio Code 5.04.49 PM.app/Contents/Resources/app/extensions/debug-auto-launch/dist/extension
[2021-09-27 19:45:19.265] [exthost] [info] ExtensionService#_doActivateExtension vscode.git {"startup":true,"extensionId":{"value":"vscode.github","_lower":"vscode.github"},"activationEvent":"*"}
[2021-09-27 19:45:19.265] [exthost] [info] ExtensionService#loadCommonJSModule file:///Applications/Visual Studio Code 5.04.49 PM.app/Contents/Resources/app/extensions/git/dist/main
[2021-09-27 19:45:19.281] [exthost] [info] ExtensionService#_doActivateExtension CoenraadS.bracket-pair-colorizer {"startup":true,"extensionId":{"value":"CoenraadS.bracket-pair-colorizer","_lower":"coenraads.bracket-pair-colorizer"},"activationEvent":"*"}
[2021-09-27 19:45:19.281] [exthost] [info] ExtensionService#loadCommonJSModule file:///Users/Chase/.vscode/extensions/coenraads.bracket-pair-colorizer-1.0.61/out/src/extension
[2021-09-27 19:45:19.298] [exthost] [info] ExtensionService#_doActivateExtension ecmel.vscode-html-css {"startup":true,"extensionId":{"value":"ecmel.vscode-html-css","_lower":"ecmel.vscode-html-css"},"activationEvent":"*"}
[2021-09-27 19:45:19.298] [exthost] [info] ExtensionService#loadCommonJSModule file:///Users/Chase/.vscode/extensions/ecmel.vscode-html-css-1.10.2/dist/extension.js
[2021-09-27 19:45:19.312] [exthost] [info] ExtensionService#_doActivateExtension formulahendry.auto-rename-tag {"startup":true,"extensionId":{"value":"formulahendry.auto-rename-tag","_lower":"formulahendry.auto-rename-tag"},"activationEvent":"*"}
[2021-09-27 19:45:19.312] [exthost] [info] ExtensionService#loadCommonJSModule file:///Users/Chase/.vscode/extensions/formulahendry.auto-rename-tag-0.1.8/packages/extension/dist/extensionMain.js
[2021-09-27 19:45:19.325] [exthost] [info] ExtensionService#_doActivateExtension ms-vscode.sublime-keybindings {"startup":true,"extensionId":{"value":"ms-vscode.sublime-keybindings","_lower":"ms-vscode.sublime-keybindings"},"activationEvent":"*"}
[2021-09-27 19:45:19.325] [exthost] [info] ExtensionService#loadCommonJSModule file:///Users/Chase/.vscode/extensions/ms-vscode.sublime-keybindings-4.0.10/dist/extension.js
[2021-09-27 19:45:19.327] [exthost] [info] ExtensionService#_doActivateExtension ritwickdey.LiveServer {"startup":true,"extensionId":{"value":"ritwickdey.LiveServer","_lower":"ritwickdey.liveserver"},"activationEvent":"*"}
[2021-09-27 19:45:19.327] [exthost] [info] ExtensionService#loadCommonJSModule file:///Users/Chase/.vscode/extensions/ritwickdey.liveserver-5.6.1/out/src/extension
[2021-09-27 19:45:19.830] [exthost] [info] ExtensionService#_doActivateExtension shyykoserhiy.vscode-spotify {"startup":true,"extensionId":{"value":"shyykoserhiy.vscode-spotify","_lower":"shyykoserhiy.vscode-spotify"},"activationEvent":"*"}
[2021-09-27 19:45:19.830] [exthost] [info] ExtensionService#loadCommonJSModule file:///Users/Chase/.vscode/extensions/shyykoserhiy.vscode-spotify-3.2.1/out/extension.js
[2021-09-27 19:45:20.126] [exthost] [info] ExtensionService#_doActivateExtension vscodevim.vim {"startup":true,"extensionId":{"value":"vscodevim.vim","_lower":"vscodevim.vim"},"activationEvent":"*"}
[2021-09-27 19:45:20.126] [exthost] [info] ExtensionService#loadCommonJSModule file:///Users/Chase/.vscode/extensions/vscodevim.vim-1.21.7/out/extension
[2021-09-27 19:45:20.221] [exthost] [info] ExtensionService#_doActivateExtension ms-vscode.js-debug {"startup":false,"extensionId":{"value":"ms-vscode.js-debug","_lower":"ms-vscode.js-debug"},"activationEvent":"onCommand:extension.js-debug.clearAutoAttachVariables"}
[2021-09-27 19:45:20.221] [exthost] [info] ExtensionService#loadCommonJSModule file:///Applications/Visual Studio Code 5.04.49 PM.app/Contents/Resources/app/extensions/ms-vscode.js-debug/src/extension.js
[2021-09-27 19:45:20.291] [exthost] [info] ExtensionService#_doActivateExtension vscode.github-authentication {"startup":false,"extensionId":{"value":"vscode.github-authentication","_lower":"vscode.github-authentication"},"activationEvent":"onAuthenticationRequest:github"}
[2021-09-27 19:45:20.291] [exthost] [info] ExtensionService#loadCommonJSModule file:///Applications/Visual Studio Code 5.04.49 PM.app/Contents/Resources/app/extensions/github-authentication/dist/extension.js
[2021-09-27 19:45:20.301] [exthost] [info] ExtensionService#_doActivateExtension vscode.github {"startup":true,"extensionId":{"value":"vscode.github","_lower":"vscode.github"},"activationEvent":"*"}
[2021-09-27 19:45:20.301] [exthost] [info] ExtensionService#loadCommonJSModule file:///Applications/Visual Studio Code 5.04.49 PM.app/Contents/Resources/app/extensions/github/dist/extension.js
[2021-09-27 19:45:20.308] [exthost] [info] eager extensions activated
[2021-09-27 19:45:20.353] [exthost] [info] ExtensionService#_doActivateExtension vscode.emmet {"startup":false,"extensionId":{"value":"vscode.emmet","_lower":"vscode.emmet"},"activationEvent":"onStartupFinished"}
[2021-09-27 19:45:20.353] [exthost] [info] ExtensionService#loadCommonJSModule file:///Applications/Visual Studio Code 5.04.49 PM.app/Contents/Resources/app/extensions/emmet/dist/node/emmetNodeMain
[2021-09-27 19:45:20.356] [exthost] [info] ExtensionService#_doActivateExtension vscode.merge-conflict {"startup":false,"extensionId":{"value":"vscode.merge-conflict","_lower":"vscode.merge-conflict"},"activationEvent":"onStartupFinished"}
[2021-09-27 19:45:20.356] [exthost] [info] ExtensionService#loadCommonJSModule file:///Applications/Visual Studio Code 5.04.49 PM.app/Contents/Resources/app/extensions/merge-conflict/dist/mergeConflictMain
[2021-09-27 19:45:20.357] [exthost] [info] ExtensionService#_doActivateExtension dbaeumer.vscode-eslint {"startup":false,"extensionId":{"value":"dbaeumer.vscode-eslint","_lower":"dbaeumer.vscode-eslint"},"activationEvent":"onStartupFinished"}
[2021-09-27 19:45:20.357] [exthost] [info] ExtensionService#loadCommonJSModule file:///Users/Chase/.vscode/extensions/dbaeumer.vscode-eslint-2.1.25/client/out/extension
[2021-09-27 19:45:20.372] [exthost] [info] ExtensionService#_doActivateExtension esbenp.prettier-vscode {"startup":false,"extensionId":{"value":"esbenp.prettier-vscode","_lower":"esbenp.prettier-vscode"},"activationEvent":"onStartupFinished"}
[2021-09-27 19:45:20.372] [exthost] [info] ExtensionService#loadCommonJSModule file:///Users/Chase/.vscode/extensions/esbenp.prettier-vscode-9.0.0/dist/extension
[2021-09-27 19:45:31.779] [exthost] [warning] [Decorations] CAPPING events from decorations provider vscode.git 5000
[2021-09-27 19:57:32.761] [exthost] [warning] [Decorations] CAPPING events from decorations provider vscode.git 5000
[2021-09-27 20:01:30.899] [exthost] [info] extension host terminating: renderer closed the socket
[2021-09-27 20:01:30.909] [exthost] [error] Error: ENOENT: no such file or directory, open '/Users/Chase/Library/Application Support/Code/User/globalStorage/vscodevim.vim/.registers'
[2021-09-27 20:01:31.913] [exthost] [info] exiting with code 0
