[Info  - 01:05:20.181] Reading sessions from keychain...
[Info  - 01:05:20.186] Getting sessions for all scopes...
[Info  - 01:05:20.188] Got 0 sessions for all scopes...
[Info  - 01:05:20.280] Getting sessions for all scopes...
[Info  - 01:05:20.280] Got 0 sessions for all scopes...
[Info  - 01:05:21.240] Getting sessions for all scopes...
[Info  - 01:05:21.240] Got 0 sessions for all scopes...
[Info  - 01:05:22.808] Getting sessions for all scopes...
[Info  - 01:05:22.808] Got 0 sessions for all scopes...
[Info  - 01:05:24.489] Logging in for the following scopes: user:email
[Trace  - 01:05:27.837] Handling Uri...
[Info  - 01:05:27.837] Exchanging code for token...
[Info  - 01:05:28.291] Token exchange success!
[Info  - 01:05:28.292] Getting user info...
[Info  - 01:05:28.722] Got account info!
[Info  - 01:05:28.723] Storing 1 sessions...
[Error  - 01:06:02.905] Setting token failed: Error: The authorization was canceled by the user.
[Info  - 01:11:17.515] Stored 1 sessions!
[Info  - 01:11:17.517] Login success!
[Info  - 01:11:17.520] Getting sessions for all scopes...
[Info  - 01:11:17.520] Getting sessions for all scopes...
[Info  - 01:11:17.520] Got 1 sessions for all scopes...
[Info  - 01:11:17.520] Got 1 sessions for all scopes...
